{"C:\\Users\\TayyabSaleem\\Desktop\\Karbexa\\backend\\constants\\index.js": {"path":"C:\\Users\\TayyabSaleem\\Desktop\\Karbexa\\backend\\constants\\index.js","statementMap":{"0":{"start":{"line":1,"column":0},"end":{"line":24,"column":2}}},"fnMap":{},"branchMap":{},"s":{"0":1},"f":{},"b":{},"_coverageSchema":"1a1c01bbd47fc00a2c39e90264f33305004495a9","hash":"cb310380a571637dd754966297f8f6c3da219cee"}
,"C:\\Users\\TayyabSaleem\\Desktop\\Karbexa\\backend\\models\\BlacklistedTokenSchema.js": {"path":"C:\\Users\\TayyabSaleem\\Desktop\\Karbexa\\backend\\models\\BlacklistedTokenSchema.js","statementMap":{"0":{"start":{"line":1,"column":17},"end":{"line":1,"column":36}},"1":{"start":{"line":3,"column":31},"end":{"line":18,"column":2}},"2":{"start":{"line":16,"column":19},"end":{"line":16,"column":29}},"3":{"start":{"line":20,"column":0},"end":{"line":20,"column":76}}},"fnMap":{"0":{"name":"(anonymous_0)","decl":{"start":{"line":16,"column":13},"end":{"line":16,"column":14}},"loc":{"start":{"line":16,"column":19},"end":{"line":16,"column":29}},"line":16}},"branchMap":{},"s":{"0":1,"1":1,"2":0,"3":1},"f":{"0":0},"b":{},"_coverageSchema":"1a1c01bbd47fc00a2c39e90264f33305004495a9","hash":"94605a4ac2efc70ff37668a0e8dd829d0bed6062"}
,"C:\\Users\\TayyabSaleem\\Desktop\\Karbexa\\backend\\models\\companySchema.js": {"path":"C:\\Users\\TayyabSaleem\\Desktop\\Karbexa\\backend\\models\\companySchema.js","statementMap":{"0":{"start":{"line":1,"column":17},"end":{"line":1,"column":36}},"1":{"start":{"line":3,"column":22},"end":{"line":60,"column":2}},"2":{"start":{"line":62,"column":0},"end":{"line":62,"column":58}}},"fnMap":{},"branchMap":{},"s":{"0":1,"1":1,"2":1},"f":{},"b":{},"_coverageSchema":"1a1c01bbd47fc00a2c39e90264f33305004495a9","hash":"54ec88f232f223e11bcef0f6c1679b32abb4197f"}
,"C:\\Users\\TayyabSaleem\\Desktop\\Karbexa\\backend\\models\\department.js": {"path":"C:\\Users\\TayyabSaleem\\Desktop\\Karbexa\\backend\\models\\department.js","statementMap":{"0":{"start":{"line":1,"column":17},"end":{"line":1,"column":36}},"1":{"start":{"line":3,"column":25},"end":{"line":27,"column":82}},"2":{"start":{"line":30,"column":0},"end":{"line":34,"column":3}},"3":{"start":{"line":36,"column":0},"end":{"line":36,"column":64}}},"fnMap":{},"branchMap":{},"s":{"0":1,"1":1,"2":1,"3":1},"f":{},"b":{},"_coverageSchema":"1a1c01bbd47fc00a2c39e90264f33305004495a9","hash":"d0b7aa9a97a14211934c07b1e1ddb5d9703ca1fe"}
,"C:\\Users\\TayyabSaleem\\Desktop\\Karbexa\\backend\\models\\taskSchema.js": {"path":"C:\\Users\\TayyabSaleem\\Desktop\\Karbexa\\backend\\models\\taskSchema.js","statementMap":{"0":{"start":{"line":2,"column":17},"end":{"line":2,"column":36}},"1":{"start":{"line":4,"column":19},"end":{"line":86,"column":1}},"2":{"start":{"line":88,"column":0},"end":{"line":94,"column":3}},"3":{"start":{"line":89,"column":2},"end":{"line":92,"column":3}},"4":{"start":{"line":90,"column":18},"end":{"line":90,"column":61}},"5":{"start":{"line":91,"column":4},"end":{"line":91,"column":62}},"6":{"start":{"line":93,"column":2},"end":{"line":93,"column":9}},"7":{"start":{"line":96,"column":13},"end":{"line":96,"column":71}},"8":{"start":{"line":97,"column":0},"end":{"line":97,"column":22}}},"fnMap":{"0":{"name":"(anonymous_0)","decl":{"start":{"line":88,"column":23},"end":{"line":88,"column":24}},"loc":{"start":{"line":88,"column":45},"end":{"line":94,"column":1}},"line":88}},"branchMap":{"0":{"loc":{"start":{"line":89,"column":2},"end":{"line":92,"column":3}},"type":"if","locations":[{"start":{"line":89,"column":2},"end":{"line":92,"column":3}},{"start":{},"end":{}}],"line":89},"1":{"loc":{"start":{"line":96,"column":13},"end":{"line":96,"column":71}},"type":"binary-expr","locations":[{"start":{"line":96,"column":13},"end":{"line":96,"column":33}},{"start":{"line":96,"column":37},"end":{"line":96,"column":71}}],"line":96}},"s":{"0":1,"1":1,"2":1,"3":0,"4":0,"5":0,"6":0,"7":1,"8":1},"f":{"0":0},"b":{"0":[0,0],"1":[1,1]},"_coverageSchema":"1a1c01bbd47fc00a2c39e90264f33305004495a9","hash":"3d8f772ff78e9bbc73e43aed77cc0a11fa90770c"}
,"C:\\Users\\TayyabSaleem\\Desktop\\Karbexa\\backend\\models\\timeLogsSchema.js": {"path":"C:\\Users\\TayyabSaleem\\Desktop\\Karbexa\\backend\\models\\timeLogsSchema.js","statementMap":{"0":{"start":{"line":1,"column":17},"end":{"line":1,"column":36}},"1":{"start":{"line":3,"column":22},"end":{"line":56,"column":1}},"2":{"start":{"line":29,"column":10},"end":{"line":29,"column":35}},"3":{"start":{"line":58,"column":0},"end":{"line":58,"column":46}},"4":{"start":{"line":61,"column":2},"end":{"line":61,"column":69}},"5":{"start":{"line":62,"column":0},"end":{"line":62,"column":25}}},"fnMap":{"0":{"name":"(anonymous_0)","decl":{"start":{"line":28,"column":19},"end":{"line":28,"column":20}},"loc":{"start":{"line":28,"column":32},"end":{"line":30,"column":9}},"line":28}},"branchMap":{"0":{"loc":{"start":{"line":29,"column":17},"end":{"line":29,"column":34}},"type":"binary-expr","locations":[{"start":{"line":29,"column":17},"end":{"line":29,"column":24}},{"start":{"line":29,"column":28},"end":{"line":29,"column":34}}],"line":29},"1":{"loc":{"start":{"line":61,"column":2},"end":{"line":61,"column":69}},"type":"binary-expr","locations":[{"start":{"line":61,"column":2},"end":{"line":61,"column":25}},{"start":{"line":61,"column":29},"end":{"line":61,"column":69}}],"line":61}},"s":{"0":1,"1":1,"2":0,"3":1,"4":1,"5":1},"f":{"0":0},"b":{"0":[0,0],"1":[1,1]},"_coverageSchema":"1a1c01bbd47fc00a2c39e90264f33305004495a9","hash":"7678aa6bca736dced0e1a536b643d427594c4a65"}
,"C:\\Users\\TayyabSaleem\\Desktop\\Karbexa\\backend\\models\\userSchema.js": {"path":"C:\\Users\\TayyabSaleem\\Desktop\\Karbexa\\backend\\models\\userSchema.js","statementMap":{"0":{"start":{"line":1,"column":17},"end":{"line":1,"column":36}},"1":{"start":{"line":2,"column":23},"end":{"line":2,"column":49}},"2":{"start":{"line":4,"column":19},"end":{"line":220,"column":1}},"3":{"start":{"line":222,"column":0},"end":{"line":227,"column":3}},"4":{"start":{"line":223,"column":2},"end":{"line":225,"column":3}},"5":{"start":{"line":224,"column":4},"end":{"line":224,"column":70}},"6":{"start":{"line":226,"column":2},"end":{"line":226,"column":9}},"7":{"start":{"line":229,"column":0},"end":{"line":270,"column":3}},"8":{"start":{"line":230,"column":15},"end":{"line":230,"column":57}},"9":{"start":{"line":231,"column":2},"end":{"line":231,"column":27}},"10":{"start":{"line":231,"column":13},"end":{"line":231,"column":27}},"11":{"start":{"line":233,"column":17},"end":{"line":233,"column":25}},"12":{"start":{"line":236,"column":2},"end":{"line":267,"column":5}},"13":{"start":{"line":269,"column":2},"end":{"line":269,"column":9}},"14":{"start":{"line":272,"column":0},"end":{"line":272,"column":56}},"15":{"start":{"line":273,"column":0},"end":{"line":273,"column":47}},"16":{"start":{"line":274,"column":0},"end":{"line":274,"column":29}},"17":{"start":{"line":275,"column":0},"end":{"line":275,"column":47}},"18":{"start":{"line":277,"column":0},"end":{"line":277,"column":79}},"19":{"start":{"line":279,"column":13},"end":{"line":279,"column":71}},"20":{"start":{"line":280,"column":0},"end":{"line":280,"column":22}}},"fnMap":{"0":{"name":"(anonymous_0)","decl":{"start":{"line":222,"column":23},"end":{"line":222,"column":24}},"loc":{"start":{"line":222,"column":44},"end":{"line":227,"column":1}},"line":222},"1":{"name":"(anonymous_1)","decl":{"start":{"line":229,"column":35},"end":{"line":229,"column":36}},"loc":{"start":{"line":229,"column":57},"end":{"line":270,"column":1}},"line":229}},"branchMap":{"0":{"loc":{"start":{"line":223,"column":2},"end":{"line":225,"column":3}},"type":"if","locations":[{"start":{"line":223,"column":2},"end":{"line":225,"column":3}},{"start":{},"end":{}}],"line":223},"1":{"loc":{"start":{"line":231,"column":2},"end":{"line":231,"column":27}},"type":"if","locations":[{"start":{"line":231,"column":2},"end":{"line":231,"column":27}},{"start":{},"end":{}}],"line":231},"2":{"loc":{"start":{"line":279,"column":13},"end":{"line":279,"column":71}},"type":"binary-expr","locations":[{"start":{"line":279,"column":13},"end":{"line":279,"column":33}},{"start":{"line":279,"column":37},"end":{"line":279,"column":71}}],"line":279}},"s":{"0":2,"1":2,"2":2,"3":2,"4":6,"5":3,"6":6,"7":2,"8":0,"9":0,"10":0,"11":0,"12":0,"13":0,"14":2,"15":2,"16":2,"17":2,"18":2,"19":2,"20":2},"f":{"0":6,"1":0},"b":{"0":[3,3],"1":[0,0],"2":[2,2]},"_coverageSchema":"1a1c01bbd47fc00a2c39e90264f33305004495a9","hash":"0323343e16e21dd43c88c94bc8c3591d68bee093"}
,"C:\\Users\\TayyabSaleem\\Desktop\\Karbexa\\backend\\repositories\\baseRepository.js": {"path":"C:\\Users\\TayyabSaleem\\Desktop\\Karbexa\\backend\\repositories\\baseRepository.js","statementMap":{"0":{"start":{"line":3,"column":4},"end":{"line":3,"column":23}},"1":{"start":{"line":7,"column":16},"end":{"line":7,"column":39}},"2":{"start":{"line":8,"column":4},"end":{"line":8,"column":67}},"3":{"start":{"line":8,"column":26},"end":{"line":8,"column":67}},"4":{"start":{"line":9,"column":4},"end":{"line":9,"column":61}},"5":{"start":{"line":9,"column":24},"end":{"line":9,"column":61}},"6":{"start":{"line":10,"column":4},"end":{"line":10,"column":24}},"7":{"start":{"line":14,"column":16},"end":{"line":14,"column":42}},"8":{"start":{"line":15,"column":4},"end":{"line":15,"column":67}},"9":{"start":{"line":15,"column":26},"end":{"line":15,"column":67}},"10":{"start":{"line":16,"column":4},"end":{"line":16,"column":61}},"11":{"start":{"line":16,"column":24},"end":{"line":16,"column":61}},"12":{"start":{"line":17,"column":4},"end":{"line":17,"column":24}},"13":{"start":{"line":21,"column":16},"end":{"line":21,"column":39}},"14":{"start":{"line":22,"column":4},"end":{"line":22,"column":67}},"15":{"start":{"line":22,"column":26},"end":{"line":22,"column":67}},"16":{"start":{"line":23,"column":4},"end":{"line":23,"column":61}},"17":{"start":{"line":23,"column":24},"end":{"line":23,"column":61}},"18":{"start":{"line":24,"column":4},"end":{"line":24,"column":55}},"19":{"start":{"line":24,"column":22},"end":{"line":24,"column":55}},"20":{"start":{"line":25,"column":4},"end":{"line":25,"column":58}},"21":{"start":{"line":25,"column":23},"end":{"line":25,"column":58}},"22":{"start":{"line":26,"column":4},"end":{"line":26,"column":55}},"23":{"start":{"line":26,"column":22},"end":{"line":26,"column":55}},"24":{"start":{"line":27,"column":4},"end":{"line":27,"column":24}},"25":{"start":{"line":31,"column":4},"end":{"line":31,"column":35}},"26":{"start":{"line":35,"column":4},"end":{"line":35,"column":66}},"27":{"start":{"line":39,"column":4},"end":{"line":39,"column":51}},"28":{"start":{"line":43,"column":4},"end":{"line":43,"column":52}},"29":{"start":{"line":47,"column":0},"end":{"line":47,"column":32}}},"fnMap":{"0":{"name":"(anonymous_0)","decl":{"start":{"line":2,"column":2},"end":{"line":2,"column":3}},"loc":{"start":{"line":2,"column":21},"end":{"line":4,"column":3}},"line":2},"1":{"name":"(anonymous_1)","decl":{"start":{"line":6,"column":2},"end":{"line":6,"column":3}},"loc":{"start":{"line":6,"column":35},"end":{"line":11,"column":3}},"line":6},"2":{"name":"(anonymous_2)","decl":{"start":{"line":13,"column":2},"end":{"line":13,"column":3}},"loc":{"start":{"line":13,"column":38},"end":{"line":18,"column":3}},"line":13},"3":{"name":"(anonymous_3)","decl":{"start":{"line":20,"column":2},"end":{"line":20,"column":3}},"loc":{"start":{"line":20,"column":40},"end":{"line":28,"column":3}},"line":20},"4":{"name":"(anonymous_4)","decl":{"start":{"line":30,"column":2},"end":{"line":30,"column":3}},"loc":{"start":{"line":30,"column":21},"end":{"line":32,"column":3}},"line":30},"5":{"name":"(anonymous_5)","decl":{"start":{"line":34,"column":2},"end":{"line":34,"column":3}},"loc":{"start":{"line":34,"column":54},"end":{"line":36,"column":3}},"line":34},"6":{"name":"(anonymous_6)","decl":{"start":{"line":38,"column":2},"end":{"line":38,"column":3}},"loc":{"start":{"line":38,"column":23},"end":{"line":40,"column":3}},"line":38},"7":{"name":"(anonymous_7)","decl":{"start":{"line":42,"column":2},"end":{"line":42,"column":3}},"loc":{"start":{"line":42,"column":36},"end":{"line":44,"column":3}},"line":42}},"branchMap":{"0":{"loc":{"start":{"line":6,"column":21},"end":{"line":6,"column":33}},"type":"default-arg","locations":[{"start":{"line":6,"column":31},"end":{"line":6,"column":33}}],"line":6},"1":{"loc":{"start":{"line":8,"column":4},"end":{"line":8,"column":67}},"type":"if","locations":[{"start":{"line":8,"column":4},"end":{"line":8,"column":67}},{"start":{},"end":{}}],"line":8},"2":{"loc":{"start":{"line":9,"column":4},"end":{"line":9,"column":61}},"type":"if","locations":[{"start":{"line":9,"column":4},"end":{"line":9,"column":61}},{"start":{},"end":{}}],"line":9},"3":{"loc":{"start":{"line":13,"column":24},"end":{"line":13,"column":36}},"type":"default-arg","locations":[{"start":{"line":13,"column":34},"end":{"line":13,"column":36}}],"line":13},"4":{"loc":{"start":{"line":15,"column":4},"end":{"line":15,"column":67}},"type":"if","locations":[{"start":{"line":15,"column":4},"end":{"line":15,"column":67}},{"start":{},"end":{}}],"line":15},"5":{"loc":{"start":{"line":16,"column":4},"end":{"line":16,"column":61}},"type":"if","locations":[{"start":{"line":16,"column":4},"end":{"line":16,"column":61}},{"start":{},"end":{}}],"line":16},"6":{"loc":{"start":{"line":20,"column":13},"end":{"line":20,"column":24}},"type":"default-arg","locations":[{"start":{"line":20,"column":22},"end":{"line":20,"column":24}}],"line":20},"7":{"loc":{"start":{"line":20,"column":26},"end":{"line":20,"column":38}},"type":"default-arg","locations":[{"start":{"line":20,"column":36},"end":{"line":20,"column":38}}],"line":20},"8":{"loc":{"start":{"line":22,"column":4},"end":{"line":22,"column":67}},"type":"if","locations":[{"start":{"line":22,"column":4},"end":{"line":22,"column":67}},{"start":{},"end":{}}],"line":22},"9":{"loc":{"start":{"line":23,"column":4},"end":{"line":23,"column":61}},"type":"if","locations":[{"start":{"line":23,"column":4},"end":{"line":23,"column":61}},{"start":{},"end":{}}],"line":23},"10":{"loc":{"start":{"line":24,"column":4},"end":{"line":24,"column":55}},"type":"if","locations":[{"start":{"line":24,"column":4},"end":{"line":24,"column":55}},{"start":{},"end":{}}],"line":24},"11":{"loc":{"start":{"line":25,"column":4},"end":{"line":25,"column":58}},"type":"if","locations":[{"start":{"line":25,"column":4},"end":{"line":25,"column":58}},{"start":{},"end":{}}],"line":25},"12":{"loc":{"start":{"line":26,"column":4},"end":{"line":26,"column":55}},"type":"if","locations":[{"start":{"line":26,"column":4},"end":{"line":26,"column":55}},{"start":{},"end":{}}],"line":26},"13":{"loc":{"start":{"line":34,"column":29},"end":{"line":34,"column":52}},"type":"default-arg","locations":[{"start":{"line":34,"column":39},"end":{"line":34,"column":52}}],"line":34},"14":{"loc":{"start":{"line":42,"column":23},"end":{"line":42,"column":34}},"type":"default-arg","locations":[{"start":{"line":42,"column":32},"end":{"line":42,"column":34}}],"line":42}},"s":{"0":2,"1":0,"2":0,"3":0,"4":0,"5":0,"6":0,"7":0,"8":0,"9":0,"10":0,"11":0,"12":0,"13":0,"14":0,"15":0,"16":0,"17":0,"18":0,"19":0,"20":0,"21":0,"22":0,"23":0,"24":0,"25":0,"26":0,"27":0,"28":0,"29":2},"f":{"0":2,"1":0,"2":0,"3":0,"4":0,"5":0,"6":0,"7":0},"b":{"0":[0],"1":[0,0],"2":[0,0],"3":[0],"4":[0,0],"5":[0,0],"6":[0],"7":[0],"8":[0,0],"9":[0,0],"10":[0,0],"11":[0,0],"12":[0,0],"13":[0],"14":[0]},"_coverageSchema":"1a1c01bbd47fc00a2c39e90264f33305004495a9","hash":"58164c303e37d66cf6256b5ab1d1a2cf138cb300"}
,"C:\\Users\\TayyabSaleem\\Desktop\\Karbexa\\backend\\repositories\\userRepository.js": {"path":"C:\\Users\\TayyabSaleem\\Desktop\\Karbexa\\backend\\repositories\\userRepository.js","statementMap":{"0":{"start":{"line":1,"column":23},"end":{"line":1,"column":50}},"1":{"start":{"line":2,"column":13},"end":{"line":2,"column":44}},"2":{"start":{"line":6,"column":4},"end":{"line":6,"column":16}},"3":{"start":{"line":10,"column":16},"end":{"line":10,"column":45}},"4":{"start":{"line":11,"column":4},"end":{"line":13,"column":5}},"5":{"start":{"line":12,"column":6},"end":{"line":12,"column":40}},"6":{"start":{"line":14,"column":4},"end":{"line":14,"column":24}},"7":{"start":{"line":18,"column":4},"end":{"line":18,"column":94}},"8":{"start":{"line":22,"column":4},"end":{"line":22,"column":48}},"9":{"start":{"line":26,"column":4},"end":{"line":29,"column":7}},"10":{"start":{"line":33,"column":4},"end":{"line":33,"column":79}},"11":{"start":{"line":37,"column":0},"end":{"line":37,"column":38}}},"fnMap":{"0":{"name":"(anonymous_0)","decl":{"start":{"line":5,"column":2},"end":{"line":5,"column":3}},"loc":{"start":{"line":5,"column":16},"end":{"line":7,"column":3}},"line":5},"1":{"name":"(anonymous_1)","decl":{"start":{"line":9,"column":2},"end":{"line":9,"column":3}},"loc":{"start":{"line":9,"column":52},"end":{"line":15,"column":3}},"line":9},"2":{"name":"(anonymous_2)","decl":{"start":{"line":17,"column":2},"end":{"line":17,"column":3}},"loc":{"start":{"line":17,"column":35},"end":{"line":19,"column":3}},"line":17},"3":{"name":"(anonymous_3)","decl":{"start":{"line":21,"column":2},"end":{"line":21,"column":3}},"loc":{"start":{"line":21,"column":41},"end":{"line":23,"column":3}},"line":21},"4":{"name":"(anonymous_4)","decl":{"start":{"line":25,"column":2},"end":{"line":25,"column":3}},"loc":{"start":{"line":25,"column":38},"end":{"line":30,"column":3}},"line":25},"5":{"name":"(anonymous_5)","decl":{"start":{"line":32,"column":2},"end":{"line":32,"column":3}},"loc":{"start":{"line":32,"column":23},"end":{"line":34,"column":3}},"line":32}},"branchMap":{"0":{"loc":{"start":{"line":9,"column":27},"end":{"line":9,"column":50}},"type":"default-arg","locations":[{"start":{"line":9,"column":45},"end":{"line":9,"column":50}}],"line":9},"1":{"loc":{"start":{"line":11,"column":4},"end":{"line":13,"column":5}},"type":"if","locations":[{"start":{"line":11,"column":4},"end":{"line":13,"column":5}},{"start":{},"end":{}}],"line":11}},"s":{"0":2,"1":2,"2":2,"3":2,"4":2,"5":0,"6":2,"7":3,"8":0,"9":0,"10":3,"11":2},"f":{"0":2,"1":2,"2":3,"3":0,"4":0,"5":3},"b":{"0":[2],"1":[0,2]},"_coverageSchema":"1a1c01bbd47fc00a2c39e90264f33305004495a9","hash":"236747acd06b1657a9cce156b61d4116a54b762e"}
,"C:\\Users\\TayyabSaleem\\Desktop\\Karbexa\\backend\\services\\authService.js": {"path":"C:\\Users\\TayyabSaleem\\Desktop\\Karbexa\\backend\\services\\authService.js","statementMap":{"0":{"start":{"line":1,"column":15},"end":{"line":1,"column":34}},"1":{"start":{"line":2,"column":15},"end":{"line":2,"column":32}},"2":{"start":{"line":3,"column":12},"end":{"line":3,"column":35}},"3":{"start":{"line":4,"column":23},"end":{"line":4,"column":64}},"4":{"start":{"line":5,"column":16},"end":{"line":5,"column":50}},"5":{"start":{"line":6,"column":25},"end":{"line":6,"column":68}},"6":{"start":{"line":7,"column":50},"end":{"line":7,"column":82}},"7":{"start":{"line":8,"column":62},"end":{"line":8,"column":94}},"8":{"start":{"line":9,"column":22},"end":{"line":9,"column":67}},"9":{"start":{"line":10,"column":29},"end":{"line":10,"column":75}},"10":{"start":{"line":11,"column":18},"end":{"line":11,"column":41}},"11":{"start":{"line":15,"column":4},"end":{"line":15,"column":55}},"12":{"start":{"line":19,"column":4},"end":{"line":19,"column":50}},"13":{"start":{"line":23,"column":91},"end":{"line":23,"column":95}},"14":{"start":{"line":25,"column":25},"end":{"line":25,"column":64}},"15":{"start":{"line":26,"column":4},"end":{"line":28,"column":5}},"16":{"start":{"line":27,"column":6},"end":{"line":27,"column":64}},"17":{"start":{"line":30,"column":23},"end":{"line":36,"column":6}},"18":{"start":{"line":38,"column":20},"end":{"line":45,"column":6}},"19":{"start":{"line":47,"column":16},"end":{"line":47,"column":34}},"20":{"start":{"line":48,"column":22},"end":{"line":48,"column":54}},"21":{"start":{"line":49,"column":24},"end":{"line":49,"column":34}},"22":{"start":{"line":50,"column":4},"end":{"line":50,"column":28}},"23":{"start":{"line":51,"column":4},"end":{"line":51,"column":41}},"24":{"start":{"line":52,"column":4},"end":{"line":52,"column":73}},"25":{"start":{"line":53,"column":4},"end":{"line":53,"column":25}},"26":{"start":{"line":55,"column":4},"end":{"line":59,"column":5}},"27":{"start":{"line":56,"column":6},"end":{"line":56,"column":65}},"28":{"start":{"line":58,"column":6},"end":{"line":58,"column":83}},"29":{"start":{"line":61,"column":4},"end":{"line":61,"column":35}},"30":{"start":{"line":65,"column":17},"end":{"line":65,"column":64}},"31":{"start":{"line":66,"column":4},"end":{"line":66,"column":90}},"32":{"start":{"line":66,"column":15},"end":{"line":66,"column":90}},"33":{"start":{"line":68,"column":20},"end":{"line":68,"column":63}},"34":{"start":{"line":69,"column":4},"end":{"line":69,"column":64}},"35":{"start":{"line":69,"column":18},"end":{"line":69,"column":64}},"36":{"start":{"line":71,"column":16},"end":{"line":71,"column":34}},"37":{"start":{"line":72,"column":22},"end":{"line":72,"column":54}},"38":{"start":{"line":73,"column":24},"end":{"line":73,"column":34}},"39":{"start":{"line":74,"column":4},"end":{"line":74,"column":25}},"40":{"start":{"line":75,"column":4},"end":{"line":75,"column":38}},"41":{"start":{"line":76,"column":4},"end":{"line":76,"column":70}},"42":{"start":{"line":77,"column":4},"end":{"line":77,"column":22}},"43":{"start":{"line":79,"column":4},"end":{"line":83,"column":5}},"44":{"start":{"line":80,"column":6},"end":{"line":80,"column":62}},"45":{"start":{"line":82,"column":6},"end":{"line":82,"column":63}},"46":{"start":{"line":85,"column":4},"end":{"line":85,"column":16}},"47":{"start":{"line":89,"column":17},"end":{"line":89,"column":64}},"48":{"start":{"line":90,"column":4},"end":{"line":91,"column":58}},"49":{"start":{"line":91,"column":6},"end":{"line":91,"column":58}},"50":{"start":{"line":93,"column":20},"end":{"line":93,"column":61}},"51":{"start":{"line":94,"column":4},"end":{"line":94,"column":59}},"52":{"start":{"line":94,"column":18},"end":{"line":94,"column":59}},"53":{"start":{"line":96,"column":4},"end":{"line":96,"column":25}},"54":{"start":{"line":97,"column":4},"end":{"line":97,"column":36}},"55":{"start":{"line":98,"column":4},"end":{"line":98,"column":32}},"56":{"start":{"line":100,"column":24},"end":{"line":100,"column":43}},"57":{"start":{"line":101,"column":25},"end":{"line":101,"column":51}},"58":{"start":{"line":102,"column":4},"end":{"line":102,"column":37}},"59":{"start":{"line":103,"column":4},"end":{"line":103,"column":22}},"60":{"start":{"line":105,"column":4},"end":{"line":105,"column":47}},"61":{"start":{"line":109,"column":17},"end":{"line":109,"column":64}},"62":{"start":{"line":110,"column":4},"end":{"line":110,"column":57}},"63":{"start":{"line":110,"column":15},"end":{"line":110,"column":57}},"64":{"start":{"line":112,"column":16},"end":{"line":112,"column":34}},"65":{"start":{"line":113,"column":22},"end":{"line":113,"column":54}},"66":{"start":{"line":114,"column":16},"end":{"line":114,"column":26}},"67":{"start":{"line":115,"column":4},"end":{"line":115,"column":25}},"68":{"start":{"line":116,"column":4},"end":{"line":116,"column":30}},"69":{"start":{"line":117,"column":4},"end":{"line":117,"column":62}},"70":{"start":{"line":118,"column":4},"end":{"line":118,"column":22}},"71":{"start":{"line":120,"column":4},"end":{"line":124,"column":5}},"72":{"start":{"line":121,"column":6},"end":{"line":121,"column":62}},"73":{"start":{"line":123,"column":6},"end":{"line":123,"column":63}},"74":{"start":{"line":126,"column":4},"end":{"line":126,"column":16}},"75":{"start":{"line":130,"column":17},"end":{"line":130,"column":56}},"76":{"start":{"line":131,"column":4},"end":{"line":131,"column":72}},"77":{"start":{"line":131,"column":15},"end":{"line":131,"column":72}},"78":{"start":{"line":133,"column":23},"end":{"line":133,"column":48}},"79":{"start":{"line":134,"column":24},"end":{"line":134,"column":84}},"80":{"start":{"line":136,"column":4},"end":{"line":136,"column":42}},"81":{"start":{"line":137,"column":4},"end":{"line":137,"column":60}},"82":{"start":{"line":138,"column":4},"end":{"line":138,"column":22}},"83":{"start":{"line":140,"column":21},"end":{"line":140,"column":71}},"84":{"start":{"line":142,"column":4},"end":{"line":146,"column":5}},"85":{"start":{"line":143,"column":6},"end":{"line":143,"column":83}},"86":{"start":{"line":145,"column":6},"end":{"line":145,"column":75}},"87":{"start":{"line":148,"column":4},"end":{"line":148,"column":16}},"88":{"start":{"line":152,"column":24},"end":{"line":152,"column":79}},"89":{"start":{"line":153,"column":17},"end":{"line":153,"column":67}},"90":{"start":{"line":154,"column":4},"end":{"line":154,"column":72}},"91":{"start":{"line":154,"column":15},"end":{"line":154,"column":72}},"92":{"start":{"line":155,"column":4},"end":{"line":155,"column":16}},"93":{"start":{"line":159,"column":24},"end":{"line":159,"column":79}},"94":{"start":{"line":160,"column":17},"end":{"line":160,"column":67}},"95":{"start":{"line":161,"column":4},"end":{"line":161,"column":72}},"96":{"start":{"line":161,"column":15},"end":{"line":161,"column":72}},"97":{"start":{"line":163,"column":4},"end":{"line":163,"column":29}},"98":{"start":{"line":164,"column":4},"end":{"line":164,"column":40}},"99":{"start":{"line":165,"column":4},"end":{"line":165,"column":42}},"100":{"start":{"line":166,"column":4},"end":{"line":166,"column":22}},"101":{"start":{"line":168,"column":21},"end":{"line":168,"column":40}},"102":{"start":{"line":169,"column":4},"end":{"line":169,"column":30}},"103":{"start":{"line":173,"column":4},"end":{"line":173,"column":80}},"104":{"start":{"line":173,"column":23},"end":{"line":173,"column":80}},"105":{"start":{"line":175,"column":17},"end":{"line":175,"column":70}},"106":{"start":{"line":176,"column":4},"end":{"line":176,"column":68}},"107":{"start":{"line":176,"column":15},"end":{"line":176,"column":68}},"108":{"start":{"line":178,"column":4},"end":{"line":181,"column":7}},"109":{"start":{"line":183,"column":4},"end":{"line":188,"column":5}},"110":{"start":{"line":184,"column":6},"end":{"line":187,"column":9}},"111":{"start":{"line":190,"column":4},"end":{"line":190,"column":29}},"112":{"start":{"line":191,"column":4},"end":{"line":191,"column":22}},"113":{"start":{"line":195,"column":17},"end":{"line":210,"column":6}},"114":{"start":{"line":212,"column":4},"end":{"line":212,"column":68}},"115":{"start":{"line":212,"column":15},"end":{"line":212,"column":68}},"116":{"start":{"line":213,"column":4},"end":{"line":213,"column":16}},"117":{"start":{"line":217,"column":20},"end":{"line":217,"column":55}},"118":{"start":{"line":218,"column":17},"end":{"line":218,"column":58}},"119":{"start":{"line":219,"column":4},"end":{"line":219,"column":61}},"120":{"start":{"line":219,"column":15},"end":{"line":219,"column":61}},"121":{"start":{"line":221,"column":24},"end":{"line":221,"column":43}},"122":{"start":{"line":222,"column":4},"end":{"line":222,"column":33}},"123":{"start":{"line":226,"column":0},"end":{"line":226,"column":35}}},"fnMap":{"0":{"name":"(anonymous_0)","decl":{"start":{"line":14,"column":2},"end":{"line":14,"column":3}},"loc":{"start":{"line":14,"column":16},"end":{"line":16,"column":3}},"line":14},"1":{"name":"(anonymous_1)","decl":{"start":{"line":18,"column":2},"end":{"line":18,"column":3}},"loc":{"start":{"line":18,"column":23},"end":{"line":20,"column":3}},"line":18},"2":{"name":"(anonymous_2)","decl":{"start":{"line":22,"column":2},"end":{"line":22,"column":3}},"loc":{"start":{"line":22,"column":30},"end":{"line":62,"column":3}},"line":22},"3":{"name":"(anonymous_3)","decl":{"start":{"line":64,"column":2},"end":{"line":64,"column":3}},"loc":{"start":{"line":64,"column":31},"end":{"line":86,"column":3}},"line":64},"4":{"name":"(anonymous_4)","decl":{"start":{"line":88,"column":2},"end":{"line":88,"column":3}},"loc":{"start":{"line":88,"column":30},"end":{"line":106,"column":3}},"line":88},"5":{"name":"(anonymous_5)","decl":{"start":{"line":108,"column":2},"end":{"line":108,"column":3}},"loc":{"start":{"line":108,"column":25},"end":{"line":127,"column":3}},"line":108},"6":{"name":"(anonymous_6)","decl":{"start":{"line":129,"column":2},"end":{"line":129,"column":3}},"loc":{"start":{"line":129,"column":43},"end":{"line":149,"column":3}},"line":129},"7":{"name":"(anonymous_7)","decl":{"start":{"line":151,"column":2},"end":{"line":151,"column":3}},"loc":{"start":{"line":151,"column":32},"end":{"line":156,"column":3}},"line":151},"8":{"name":"(anonymous_8)","decl":{"start":{"line":158,"column":2},"end":{"line":158,"column":3}},"loc":{"start":{"line":158,"column":39},"end":{"line":170,"column":3}},"line":158},"9":{"name":"(anonymous_9)","decl":{"start":{"line":172,"column":2},"end":{"line":172,"column":3}},"loc":{"start":{"line":172,"column":42},"end":{"line":192,"column":3}},"line":172},"10":{"name":"(anonymous_10)","decl":{"start":{"line":194,"column":2},"end":{"line":194,"column":3}},"loc":{"start":{"line":194,"column":31},"end":{"line":214,"column":3}},"line":194},"11":{"name":"(anonymous_11)","decl":{"start":{"line":216,"column":2},"end":{"line":216,"column":3}},"loc":{"start":{"line":216,"column":52},"end":{"line":223,"column":3}},"line":216}},"branchMap":{"0":{"loc":{"start":{"line":26,"column":4},"end":{"line":28,"column":5}},"type":"if","locations":[{"start":{"line":26,"column":4},"end":{"line":28,"column":5}},{"start":{},"end":{}}],"line":26},"1":{"loc":{"start":{"line":66,"column":4},"end":{"line":66,"column":90}},"type":"if","locations":[{"start":{"line":66,"column":4},"end":{"line":66,"column":90}},{"start":{},"end":{}}],"line":66},"2":{"loc":{"start":{"line":69,"column":4},"end":{"line":69,"column":64}},"type":"if","locations":[{"start":{"line":69,"column":4},"end":{"line":69,"column":64}},{"start":{},"end":{}}],"line":69},"3":{"loc":{"start":{"line":90,"column":4},"end":{"line":91,"column":58}},"type":"if","locations":[{"start":{"line":90,"column":4},"end":{"line":91,"column":58}},{"start":{},"end":{}}],"line":90},"4":{"loc":{"start":{"line":90,"column":8},"end":{"line":90,"column":58}},"type":"binary-expr","locations":[{"start":{"line":90,"column":8},"end":{"line":90,"column":13}},{"start":{"line":90,"column":17},"end":{"line":90,"column":26}},{"start":{"line":90,"column":30},"end":{"line":90,"column":58}}],"line":90},"5":{"loc":{"start":{"line":94,"column":4},"end":{"line":94,"column":59}},"type":"if","locations":[{"start":{"line":94,"column":4},"end":{"line":94,"column":59}},{"start":{},"end":{}}],"line":94},"6":{"loc":{"start":{"line":110,"column":4},"end":{"line":110,"column":57}},"type":"if","locations":[{"start":{"line":110,"column":4},"end":{"line":110,"column":57}},{"start":{},"end":{}}],"line":110},"7":{"loc":{"start":{"line":131,"column":4},"end":{"line":131,"column":72}},"type":"if","locations":[{"start":{"line":131,"column":4},"end":{"line":131,"column":72}},{"start":{},"end":{}}],"line":131},"8":{"loc":{"start":{"line":154,"column":4},"end":{"line":154,"column":72}},"type":"if","locations":[{"start":{"line":154,"column":4},"end":{"line":154,"column":72}},{"start":{},"end":{}}],"line":154},"9":{"loc":{"start":{"line":161,"column":4},"end":{"line":161,"column":72}},"type":"if","locations":[{"start":{"line":161,"column":4},"end":{"line":161,"column":72}},{"start":{},"end":{}}],"line":161},"10":{"loc":{"start":{"line":173,"column":4},"end":{"line":173,"column":80}},"type":"if","locations":[{"start":{"line":173,"column":4},"end":{"line":173,"column":80}},{"start":{},"end":{}}],"line":173},"11":{"loc":{"start":{"line":176,"column":4},"end":{"line":176,"column":68}},"type":"if","locations":[{"start":{"line":176,"column":4},"end":{"line":176,"column":68}},{"start":{},"end":{}}],"line":176},"12":{"loc":{"start":{"line":183,"column":4},"end":{"line":188,"column":5}},"type":"if","locations":[{"start":{"line":183,"column":4},"end":{"line":188,"column":5}},{"start":{},"end":{}}],"line":183},"13":{"loc":{"start":{"line":212,"column":4},"end":{"line":212,"column":68}},"type":"if","locations":[{"start":{"line":212,"column":4},"end":{"line":212,"column":68}},{"start":{},"end":{}}],"line":212},"14":{"loc":{"start":{"line":219,"column":4},"end":{"line":219,"column":61}},"type":"if","locations":[{"start":{"line":219,"column":4},"end":{"line":219,"column":61}},{"start":{},"end":{}}],"line":219}},"s":{"0":1,"1":1,"2":1,"3":1,"4":1,"5":1,"6":1,"7":1,"8":1,"9":1,"10":1,"11":2,"12":1,"13":0,"14":0,"15":0,"16":0,"17":0,"18":0,"19":0,"20":0,"21":0,"22":0,"23":0,"24":0,"25":0,"26":0,"27":0,"28":0,"29":0,"30":3,"31":3,"32":1,"33":2,"34":2,"35":1,"36":1,"37":1,"38":1,"39":1,"40":1,"41":1,"42":1,"43":1,"44":1,"45":0,"46":1,"47":0,"48":0,"49":0,"50":0,"51":0,"52":0,"53":0,"54":0,"55":0,"56":0,"57":0,"58":0,"59":0,"60":0,"61":0,"62":0,"63":0,"64":0,"65":0,"66":0,"67":0,"68":0,"69":0,"70":0,"71":0,"72":0,"73":0,"74":0,"75":0,"76":0,"77":0,"78":0,"79":0,"80":0,"81":0,"82":0,"83":0,"84":0,"85":0,"86":0,"87":0,"88":0,"89":0,"90":0,"91":0,"92":0,"93":0,"94":0,"95":0,"96":0,"97":0,"98":0,"99":0,"100":0,"101":0,"102":0,"103":0,"104":0,"105":0,"106":0,"107":0,"108":0,"109":0,"110":0,"111":0,"112":0,"113":0,"114":0,"115":0,"116":0,"117":0,"118":0,"119":0,"120":0,"121":0,"122":0,"123":1},"f":{"0":2,"1":1,"2":0,"3":3,"4":0,"5":0,"6":0,"7":0,"8":0,"9":0,"10":0,"11":0},"b":{"0":[0,0],"1":[1,2],"2":[1,1],"3":[0,0],"4":[0,0,0],"5":[0,0],"6":[0,0],"7":[0,0],"8":[0,0],"9":[0,0],"10":[0,0],"11":[0,0],"12":[0,0],"13":[0,0],"14":[0,0]},"_coverageSchema":"1a1c01bbd47fc00a2c39e90264f33305004495a9","hash":"91868772ab35a06a5f98cb2bb47997bfe4a7ad58"}
,"C:\\Users\\TayyabSaleem\\Desktop\\Karbexa\\backend\\services\\userService.js": {"path":"C:\\Users\\TayyabSaleem\\Desktop\\Karbexa\\backend\\services\\userService.js","statementMap":{"0":{"start":{"line":1,"column":13},"end":{"line":1,"column":44}},"1":{"start":{"line":2,"column":19},"end":{"line":2,"column":50}},"2":{"start":{"line":3,"column":13},"end":{"line":3,"column":44}},"3":{"start":{"line":4,"column":16},"end":{"line":4,"column":51}},"4":{"start":{"line":5,"column":23},"end":{"line":5,"column":64}},"5":{"start":{"line":6,"column":59},"end":{"line":6,"column":91}},"6":{"start":{"line":7,"column":18},"end":{"line":7,"column":50}},"7":{"start":{"line":8,"column":27},"end":{"line":8,"column":51}},"8":{"start":{"line":9,"column":31},"end":{"line":9,"column":70}},"9":{"start":{"line":13,"column":4},"end":{"line":13,"column":29}},"10":{"start":{"line":13,"column":16},"end":{"line":13,"column":29}},"11":{"start":{"line":14,"column":20},"end":{"line":14,"column":41}},"12":{"start":{"line":16,"column":4},"end":{"line":16,"column":50}},"13":{"start":{"line":16,"column":38},"end":{"line":16,"column":50}},"14":{"start":{"line":18,"column":4},"end":{"line":20,"column":5}},"15":{"start":{"line":19,"column":6},"end":{"line":19,"column":25}},"16":{"start":{"line":22,"column":26},"end":{"line":22,"column":81}},"17":{"start":{"line":24,"column":4},"end":{"line":38,"column":5}},"18":{"start":{"line":25,"column":30},"end":{"line":25,"column":54}},"19":{"start":{"line":26,"column":6},"end":{"line":28,"column":7}},"20":{"start":{"line":27,"column":8},"end":{"line":27,"column":92}},"21":{"start":{"line":30,"column":6},"end":{"line":36,"column":7}},"22":{"start":{"line":31,"column":27},"end":{"line":31,"column":60}},"23":{"start":{"line":32,"column":8},"end":{"line":32,"column":67}},"24":{"start":{"line":32,"column":25},"end":{"line":32,"column":67}},"25":{"start":{"line":33,"column":8},"end":{"line":35,"column":9}},"26":{"start":{"line":34,"column":10},"end":{"line":34,"column":99}},"27":{"start":{"line":37,"column":6},"end":{"line":37,"column":18}},"28":{"start":{"line":40,"column":4},"end":{"line":42,"column":5}},"29":{"start":{"line":41,"column":6},"end":{"line":41,"column":78}},"30":{"start":{"line":44,"column":4},"end":{"line":44,"column":17}},"31":{"start":{"line":48,"column":21},"end":{"line":48,"column":56}},"32":{"start":{"line":49,"column":4},"end":{"line":49,"column":93}},"33":{"start":{"line":49,"column":76},"end":{"line":49,"column":93}},"34":{"start":{"line":50,"column":22},"end":{"line":50,"column":50}},"35":{"start":{"line":51,"column":22},"end":{"line":51,"column":45}},"36":{"start":{"line":52,"column":4},"end":{"line":52,"column":90}},"37":{"start":{"line":56,"column":29},"end":{"line":56,"column":77}},"38":{"start":{"line":57,"column":25},"end":{"line":57,"column":74}},"39":{"start":{"line":58,"column":22},"end":{"line":79,"column":5}},"40":{"start":{"line":80,"column":4},"end":{"line":80,"column":57}},"41":{"start":{"line":84,"column":29},"end":{"line":84,"column":72}},"42":{"start":{"line":85,"column":4},"end":{"line":87,"column":5}},"43":{"start":{"line":86,"column":6},"end":{"line":86,"column":94}},"44":{"start":{"line":89,"column":40},"end":{"line":89,"column":44}},"45":{"start":{"line":91,"column":4},"end":{"line":93,"column":5}},"46":{"start":{"line":92,"column":6},"end":{"line":92,"column":74}},"47":{"start":{"line":95,"column":25},"end":{"line":95,"column":64}},"48":{"start":{"line":96,"column":4},"end":{"line":96,"column":88}},"49":{"start":{"line":96,"column":22},"end":{"line":96,"column":88}},"50":{"start":{"line":98,"column":21},"end":{"line":98,"column":47}},"51":{"start":{"line":99,"column":25},"end":{"line":103,"column":5}},"52":{"start":{"line":105,"column":20},"end":{"line":114,"column":6}},"53":{"start":{"line":116,"column":4},"end":{"line":116,"column":26}},"54":{"start":{"line":120,"column":46},"end":{"line":120,"column":50}},"55":{"start":{"line":122,"column":4},"end":{"line":122,"column":65}},"56":{"start":{"line":124,"column":4},"end":{"line":124,"column":115}},"57":{"start":{"line":124,"column":88},"end":{"line":124,"column":115}},"58":{"start":{"line":126,"column":4},"end":{"line":128,"column":5}},"59":{"start":{"line":127,"column":7},"end":{"line":127,"column":38}},"60":{"start":{"line":130,"column":25},"end":{"line":130,"column":64}},"61":{"start":{"line":131,"column":4},"end":{"line":131,"column":87}},"62":{"start":{"line":131,"column":22},"end":{"line":131,"column":87}},"63":{"start":{"line":133,"column":21},"end":{"line":133,"column":47}},"64":{"start":{"line":134,"column":25},"end":{"line":138,"column":5}},"65":{"start":{"line":140,"column":20},"end":{"line":148,"column":6}},"66":{"start":{"line":150,"column":22},"end":{"line":150,"column":42}},"67":{"start":{"line":151,"column":4},"end":{"line":151,"column":126}},"68":{"start":{"line":151,"column":30},"end":{"line":151,"column":126}},"69":{"start":{"line":153,"column":4},"end":{"line":157,"column":5}},"70":{"start":{"line":154,"column":6},"end":{"line":154,"column":44}},"71":{"start":{"line":156,"column":6},"end":{"line":156,"column":67}},"72":{"start":{"line":159,"column":4},"end":{"line":175,"column":5}},"73":{"start":{"line":160,"column":21},"end":{"line":162,"column":22}},"74":{"start":{"line":163,"column":28},"end":{"line":171,"column":7}},"75":{"start":{"line":164,"column":8},"end":{"line":170,"column":10}},"76":{"start":{"line":172,"column":6},"end":{"line":172,"column":39}},"77":{"start":{"line":174,"column":6},"end":{"line":174,"column":70}},"78":{"start":{"line":177,"column":4},"end":{"line":177,"column":21}},"79":{"start":{"line":181,"column":4},"end":{"line":181,"column":53}},"80":{"start":{"line":183,"column":17},"end":{"line":183,"column":46}},"81":{"start":{"line":184,"column":4},"end":{"line":184,"column":57}},"82":{"start":{"line":184,"column":15},"end":{"line":184,"column":57}},"83":{"start":{"line":185,"column":4},"end":{"line":185,"column":121}},"84":{"start":{"line":185,"column":71},"end":{"line":185,"column":121}},"85":{"start":{"line":187,"column":4},"end":{"line":191,"column":5}},"86":{"start":{"line":188,"column":6},"end":{"line":188,"column":39}},"87":{"start":{"line":190,"column":6},"end":{"line":190,"column":74}},"88":{"start":{"line":192,"column":4},"end":{"line":192,"column":16}},"89":{"start":{"line":196,"column":76},"end":{"line":196,"column":87}},"90":{"start":{"line":197,"column":17},"end":{"line":197,"column":35}},"91":{"start":{"line":199,"column":23},"end":{"line":199,"column":68}},"92":{"start":{"line":200,"column":18},"end":{"line":200,"column":55}},"93":{"start":{"line":202,"column":4},"end":{"line":202,"column":61}},"94":{"start":{"line":202,"column":36},"end":{"line":202,"column":61}},"95":{"start":{"line":203,"column":4},"end":{"line":203,"column":50}},"96":{"start":{"line":203,"column":32},"end":{"line":203,"column":50}},"97":{"start":{"line":205,"column":4},"end":{"line":211,"column":5}},"98":{"start":{"line":206,"column":6},"end":{"line":210,"column":8}},"99":{"start":{"line":213,"column":4},"end":{"line":220,"column":5}},"100":{"start":{"line":214,"column":19},"end":{"line":214,"column":85}},"101":{"start":{"line":215,"column":6},"end":{"line":219,"column":7}},"102":{"start":{"line":216,"column":8},"end":{"line":216,"column":36}},"103":{"start":{"line":218,"column":8},"end":{"line":218,"column":32}},"104":{"start":{"line":222,"column":26},"end":{"line":231,"column":6}},"105":{"start":{"line":233,"column":4},"end":{"line":241,"column":6}},"106":{"start":{"line":245,"column":17},"end":{"line":248,"column":13}},"107":{"start":{"line":249,"column":4},"end":{"line":249,"column":57}},"108":{"start":{"line":249,"column":15},"end":{"line":249,"column":57}},"109":{"start":{"line":250,"column":4},"end":{"line":250,"column":16}},"110":{"start":{"line":254,"column":17},"end":{"line":254,"column":40}},"111":{"start":{"line":255,"column":4},"end":{"line":255,"column":57}},"112":{"start":{"line":255,"column":15},"end":{"line":255,"column":57}},"113":{"start":{"line":257,"column":22},"end":{"line":257,"column":110}},"114":{"start":{"line":258,"column":24},"end":{"line":258,"column":46}},"115":{"start":{"line":260,"column":21},"end":{"line":260,"column":73}},"116":{"start":{"line":261,"column":24},"end":{"line":267,"column":9}},"117":{"start":{"line":262,"column":6},"end":{"line":262,"column":52}},"118":{"start":{"line":262,"column":24},"end":{"line":262,"column":52}},"119":{"start":{"line":263,"column":6},"end":{"line":265,"column":7}},"120":{"start":{"line":264,"column":9},"end":{"line":264,"column":93}},"121":{"start":{"line":266,"column":6},"end":{"line":266,"column":19}},"122":{"start":{"line":269,"column":4},"end":{"line":273,"column":6}},"123":{"start":{"line":277,"column":23},"end":{"line":277,"column":85}},"124":{"start":{"line":279,"column":17},"end":{"line":279,"column":46}},"125":{"start":{"line":280,"column":4},"end":{"line":280,"column":57}},"126":{"start":{"line":280,"column":15},"end":{"line":280,"column":57}},"127":{"start":{"line":282,"column":24},"end":{"line":282,"column":26}},"128":{"start":{"line":284,"column":4},"end":{"line":324,"column":5}},"129":{"start":{"line":285,"column":32},"end":{"line":289,"column":9}},"130":{"start":{"line":290,"column":8},"end":{"line":290,"column":64}},"131":{"start":{"line":290,"column":41},"end":{"line":290,"column":62}},"132":{"start":{"line":292,"column":8},"end":{"line":296,"column":10}},"133":{"start":{"line":298,"column":8},"end":{"line":314,"column":9}},"134":{"start":{"line":299,"column":28},"end":{"line":299,"column":43}},"135":{"start":{"line":300,"column":28},"end":{"line":300,"column":46}},"136":{"start":{"line":301,"column":10},"end":{"line":301,"column":105}},"137":{"start":{"line":301,"column":25},"end":{"line":301,"column":105}},"138":{"start":{"line":302,"column":10},"end":{"line":313,"column":11}},"139":{"start":{"line":303,"column":25},"end":{"line":303,"column":104}},"140":{"start":{"line":304,"column":12},"end":{"line":312,"column":13}},"141":{"start":{"line":305,"column":14},"end":{"line":311,"column":38}},"142":{"start":{"line":316,"column":8},"end":{"line":316,"column":101}},"143":{"start":{"line":316,"column":76},"end":{"line":316,"column":101}},"144":{"start":{"line":318,"column":8},"end":{"line":323,"column":10}},"145":{"start":{"line":326,"column":4},"end":{"line":330,"column":7}},"146":{"start":{"line":327,"column":8},"end":{"line":329,"column":9}},"147":{"start":{"line":328,"column":12},"end":{"line":328,"column":91}},"148":{"start":{"line":332,"column":24},"end":{"line":332,"column":41}},"149":{"start":{"line":334,"column":4},"end":{"line":353,"column":5}},"150":{"start":{"line":335,"column":6},"end":{"line":352,"column":7}},"151":{"start":{"line":336,"column":23},"end":{"line":339,"column":24}},"152":{"start":{"line":340,"column":30},"end":{"line":348,"column":9}},"153":{"start":{"line":341,"column":10},"end":{"line":347,"column":12}},"154":{"start":{"line":349,"column":8},"end":{"line":349,"column":41}},"155":{"start":{"line":351,"column":8},"end":{"line":351,"column":76}},"156":{"start":{"line":355,"column":4},"end":{"line":355,"column":23}},"157":{"start":{"line":359,"column":23},"end":{"line":359,"column":71}},"158":{"start":{"line":361,"column":4},"end":{"line":363,"column":5}},"159":{"start":{"line":362,"column":8},"end":{"line":362,"column":72}},"160":{"start":{"line":365,"column":17},"end":{"line":365,"column":46}},"161":{"start":{"line":366,"column":4},"end":{"line":366,"column":57}},"162":{"start":{"line":366,"column":15},"end":{"line":366,"column":57}},"163":{"start":{"line":367,"column":4},"end":{"line":367,"column":111}},"164":{"start":{"line":367,"column":25},"end":{"line":367,"column":111}},"165":{"start":{"line":368,"column":4},"end":{"line":368,"column":82}},"166":{"start":{"line":370,"column":21},"end":{"line":370,"column":40}},"167":{"start":{"line":371,"column":4},"end":{"line":371,"column":82}},"168":{"start":{"line":373,"column":4},"end":{"line":373,"column":24}},"169":{"start":{"line":377,"column":4},"end":{"line":377,"column":31}},"170":{"start":{"line":381,"column":4},"end":{"line":381,"column":48}},"171":{"start":{"line":385,"column":17},"end":{"line":385,"column":40}},"172":{"start":{"line":386,"column":4},"end":{"line":386,"column":47}},"173":{"start":{"line":386,"column":15},"end":{"line":386,"column":47}},"174":{"start":{"line":387,"column":4},"end":{"line":387,"column":111}},"175":{"start":{"line":387,"column":41},"end":{"line":387,"column":59}},"176":{"start":{"line":387,"column":62},"end":{"line":387,"column":111}},"177":{"start":{"line":388,"column":4},"end":{"line":388,"column":66}},"178":{"start":{"line":389,"column":4},"end":{"line":389,"column":22}},"179":{"start":{"line":390,"column":4},"end":{"line":390,"column":31}},"180":{"start":{"line":394,"column":17},"end":{"line":394,"column":40}},"181":{"start":{"line":395,"column":4},"end":{"line":395,"column":47}},"182":{"start":{"line":395,"column":15},"end":{"line":395,"column":47}},"183":{"start":{"line":396,"column":26},"end":{"line":396,"column":52}},"184":{"start":{"line":397,"column":4},"end":{"line":397,"column":81}},"185":{"start":{"line":397,"column":61},"end":{"line":397,"column":79}},"186":{"start":{"line":398,"column":4},"end":{"line":398,"column":96}},"187":{"start":{"line":398,"column":54},"end":{"line":398,"column":96}},"188":{"start":{"line":399,"column":4},"end":{"line":399,"column":22}},"189":{"start":{"line":400,"column":4},"end":{"line":400,"column":31}},"190":{"start":{"line":404,"column":17},"end":{"line":404,"column":57}},"191":{"start":{"line":405,"column":4},"end":{"line":405,"column":47}},"192":{"start":{"line":405,"column":15},"end":{"line":405,"column":47}},"193":{"start":{"line":406,"column":4},"end":{"line":406,"column":23}},"194":{"start":{"line":410,"column":26},"end":{"line":410,"column":33}},"195":{"start":{"line":411,"column":17},"end":{"line":411,"column":46}},"196":{"start":{"line":412,"column":4},"end":{"line":412,"column":47}},"197":{"start":{"line":412,"column":15},"end":{"line":412,"column":47}},"198":{"start":{"line":414,"column":17},"end":{"line":414,"column":27}},"199":{"start":{"line":416,"column":4},"end":{"line":430,"column":5}},"200":{"start":{"line":419,"column":9},"end":{"line":430,"column":5}},"201":{"start":{"line":421,"column":8},"end":{"line":422,"column":80}},"202":{"start":{"line":424,"column":6},"end":{"line":426,"column":7}},"203":{"start":{"line":425,"column":8},"end":{"line":425,"column":93}},"204":{"start":{"line":429,"column":6},"end":{"line":429,"column":53}},"205":{"start":{"line":432,"column":4},"end":{"line":432,"column":49}},"206":{"start":{"line":432,"column":27},"end":{"line":432,"column":49}},"207":{"start":{"line":433,"column":4},"end":{"line":433,"column":52}},"208":{"start":{"line":433,"column":28},"end":{"line":433,"column":52}},"209":{"start":{"line":434,"column":27},"end":{"line":434,"column":75}},"210":{"start":{"line":435,"column":4},"end":{"line":435,"column":69}},"211":{"start":{"line":436,"column":4},"end":{"line":436,"column":22}},"212":{"start":{"line":437,"column":4},"end":{"line":437,"column":23}},"213":{"start":{"line":441,"column":17},"end":{"line":441,"column":82}},"214":{"start":{"line":442,"column":4},"end":{"line":442,"column":57}},"215":{"start":{"line":442,"column":15},"end":{"line":442,"column":57}},"216":{"start":{"line":443,"column":4},"end":{"line":443,"column":35}},"217":{"start":{"line":447,"column":18},"end":{"line":447,"column":28}},"218":{"start":{"line":448,"column":25},"end":{"line":448,"column":45}},"219":{"start":{"line":449,"column":23},"end":{"line":449,"column":38}},"220":{"start":{"line":450,"column":18},"end":{"line":455,"column":6}},"221":{"start":{"line":456,"column":4},"end":{"line":459,"column":7}},"222":{"start":{"line":457,"column":24},"end":{"line":457,"column":42}},"223":{"start":{"line":458,"column":6},"end":{"line":458,"column":342}},"224":{"start":{"line":463,"column":23},"end":{"line":463,"column":71}},"225":{"start":{"line":464,"column":4},"end":{"line":464,"column":67}},"226":{"start":{"line":464,"column":21},"end":{"line":464,"column":67}},"227":{"start":{"line":466,"column":17},"end":{"line":466,"column":91}},"228":{"start":{"line":467,"column":4},"end":{"line":467,"column":47}},"229":{"start":{"line":467,"column":15},"end":{"line":467,"column":47}},"230":{"start":{"line":468,"column":4},"end":{"line":468,"column":23}},"231":{"start":{"line":472,"column":18},"end":{"line":472,"column":168}},"232":{"start":{"line":473,"column":22},"end":{"line":475,"column":5}},"233":{"start":{"line":474,"column":6},"end":{"line":474,"column":233}},"234":{"start":{"line":474,"column":38},"end":{"line":474,"column":85}},"235":{"start":{"line":474,"column":62},"end":{"line":474,"column":85}},"236":{"start":{"line":474,"column":86},"end":{"line":474,"column":162}},"237":{"start":{"line":474,"column":181},"end":{"line":474,"column":230}},"238":{"start":{"line":476,"column":4},"end":{"line":476,"column":34}},"239":{"start":{"line":480,"column":23},"end":{"line":480,"column":71}},"240":{"start":{"line":481,"column":4},"end":{"line":481,"column":67}},"241":{"start":{"line":481,"column":21},"end":{"line":481,"column":67}},"242":{"start":{"line":483,"column":17},"end":{"line":483,"column":95}},"243":{"start":{"line":484,"column":4},"end":{"line":484,"column":57}},"244":{"start":{"line":484,"column":15},"end":{"line":484,"column":57}},"245":{"start":{"line":485,"column":4},"end":{"line":485,"column":27}},"246":{"start":{"line":489,"column":29},"end":{"line":493,"column":5}},"247":{"start":{"line":494,"column":4},"end":{"line":494,"column":61}},"248":{"start":{"line":494,"column":38},"end":{"line":494,"column":59}},"249":{"start":{"line":496,"column":17},"end":{"line":496,"column":98}},"250":{"start":{"line":497,"column":4},"end":{"line":497,"column":57}},"251":{"start":{"line":497,"column":15},"end":{"line":497,"column":57}},"252":{"start":{"line":498,"column":4},"end":{"line":498,"column":16}},"253":{"start":{"line":502,"column":47},"end":{"line":502,"column":55}},"254":{"start":{"line":503,"column":20},"end":{"line":503,"column":22}},"255":{"start":{"line":504,"column":4},"end":{"line":504,"column":37}},"256":{"start":{"line":504,"column":15},"end":{"line":504,"column":37}},"257":{"start":{"line":506,"column":4},"end":{"line":514,"column":5}},"258":{"start":{"line":507,"column":19},"end":{"line":507,"column":46}},"259":{"start":{"line":508,"column":6},"end":{"line":508,"column":59}},"260":{"start":{"line":508,"column":17},"end":{"line":508,"column":59}},"261":{"start":{"line":510,"column":6},"end":{"line":513,"column":8}},"262":{"start":{"line":516,"column":24},"end":{"line":516,"column":84}},"263":{"start":{"line":517,"column":4},"end":{"line":517,"column":64}},"264":{"start":{"line":517,"column":22},"end":{"line":517,"column":64}},"265":{"start":{"line":518,"column":4},"end":{"line":518,"column":23}},"266":{"start":{"line":522,"column":0},"end":{"line":522,"column":35}}},"fnMap":{"0":{"name":"(anonymous_0)","decl":{"start":{"line":12,"column":2},"end":{"line":12,"column":3}},"loc":{"start":{"line":12,"column":76},"end":{"line":45,"column":3}},"line":12},"1":{"name":"(anonymous_1)","decl":{"start":{"line":47,"column":2},"end":{"line":47,"column":3}},"loc":{"start":{"line":47,"column":24},"end":{"line":53,"column":3}},"line":47},"2":{"name":"(anonymous_2)","decl":{"start":{"line":55,"column":2},"end":{"line":55,"column":3}},"loc":{"start":{"line":55,"column":30},"end":{"line":81,"column":3}},"line":55},"3":{"name":"(anonymous_3)","decl":{"start":{"line":83,"column":2},"end":{"line":83,"column":3}},"loc":{"start":{"line":83,"column":38},"end":{"line":117,"column":3}},"line":83},"4":{"name":"(anonymous_4)","decl":{"start":{"line":119,"column":2},"end":{"line":119,"column":3}},"loc":{"start":{"line":119,"column":32},"end":{"line":178,"column":3}},"line":119},"5":{"name":"(anonymous_5)","decl":{"start":{"line":163,"column":39},"end":{"line":163,"column":40}},"loc":{"start":{"line":164,"column":8},"end":{"line":170,"column":10}},"line":164},"6":{"name":"(anonymous_6)","decl":{"start":{"line":180,"column":2},"end":{"line":180,"column":3}},"loc":{"start":{"line":180,"column":42},"end":{"line":193,"column":3}},"line":180},"7":{"name":"(anonymous_7)","decl":{"start":{"line":195,"column":2},"end":{"line":195,"column":3}},"loc":{"start":{"line":195,"column":51},"end":{"line":242,"column":3}},"line":195},"8":{"name":"(anonymous_8)","decl":{"start":{"line":244,"column":2},"end":{"line":244,"column":3}},"loc":{"start":{"line":244,"column":24},"end":{"line":251,"column":3}},"line":244},"9":{"name":"(anonymous_9)","decl":{"start":{"line":253,"column":2},"end":{"line":253,"column":3}},"loc":{"start":{"line":253,"column":38},"end":{"line":274,"column":3}},"line":253},"10":{"name":"(anonymous_10)","decl":{"start":{"line":261,"column":40},"end":{"line":261,"column":41}},"loc":{"start":{"line":261,"column":56},"end":{"line":267,"column":5}},"line":261},"11":{"name":"(anonymous_11)","decl":{"start":{"line":276,"column":2},"end":{"line":276,"column":3}},"loc":{"start":{"line":276,"column":45},"end":{"line":356,"column":3}},"line":276},"12":{"name":"(anonymous_12)","decl":{"start":{"line":290,"column":32},"end":{"line":290,"column":33}},"loc":{"start":{"line":290,"column":41},"end":{"line":290,"column":62}},"line":290},"13":{"name":"(anonymous_13)","decl":{"start":{"line":326,"column":33},"end":{"line":326,"column":34}},"loc":{"start":{"line":326,"column":42},"end":{"line":330,"column":5}},"line":326},"14":{"name":"(anonymous_14)","decl":{"start":{"line":340,"column":41},"end":{"line":340,"column":42}},"loc":{"start":{"line":341,"column":10},"end":{"line":347,"column":12}},"line":341},"15":{"name":"(anonymous_15)","decl":{"start":{"line":358,"column":2},"end":{"line":358,"column":3}},"loc":{"start":{"line":358,"column":36},"end":{"line":374,"column":3}},"line":358},"16":{"name":"(anonymous_16)","decl":{"start":{"line":376,"column":2},"end":{"line":376,"column":3}},"loc":{"start":{"line":376,"column":28},"end":{"line":378,"column":3}},"line":376},"17":{"name":"(anonymous_17)","decl":{"start":{"line":380,"column":2},"end":{"line":380,"column":3}},"loc":{"start":{"line":380,"column":30},"end":{"line":382,"column":3}},"line":380},"18":{"name":"(anonymous_18)","decl":{"start":{"line":384,"column":2},"end":{"line":384,"column":3}},"loc":{"start":{"line":384,"column":35},"end":{"line":391,"column":3}},"line":384},"19":{"name":"(anonymous_19)","decl":{"start":{"line":387,"column":33},"end":{"line":387,"column":34}},"loc":{"start":{"line":387,"column":41},"end":{"line":387,"column":59}},"line":387},"20":{"name":"(anonymous_20)","decl":{"start":{"line":393,"column":2},"end":{"line":393,"column":3}},"loc":{"start":{"line":393,"column":40},"end":{"line":401,"column":3}},"line":393},"21":{"name":"(anonymous_21)","decl":{"start":{"line":397,"column":53},"end":{"line":397,"column":54}},"loc":{"start":{"line":397,"column":61},"end":{"line":397,"column":79}},"line":397},"22":{"name":"(anonymous_22)","decl":{"start":{"line":403,"column":2},"end":{"line":403,"column":3}},"loc":{"start":{"line":403,"column":26},"end":{"line":407,"column":3}},"line":403},"23":{"name":"(anonymous_23)","decl":{"start":{"line":409,"column":2},"end":{"line":409,"column":3}},"loc":{"start":{"line":409,"column":51},"end":{"line":438,"column":3}},"line":409},"24":{"name":"(anonymous_24)","decl":{"start":{"line":440,"column":2},"end":{"line":440,"column":3}},"loc":{"start":{"line":440,"column":32},"end":{"line":444,"column":3}},"line":440},"25":{"name":"(anonymous_25)","decl":{"start":{"line":446,"column":2},"end":{"line":446,"column":3}},"loc":{"start":{"line":446,"column":31},"end":{"line":460,"column":3}},"line":446},"26":{"name":"(anonymous_26)","decl":{"start":{"line":456,"column":21},"end":{"line":456,"column":22}},"loc":{"start":{"line":456,"column":29},"end":{"line":459,"column":5}},"line":456},"27":{"name":"(anonymous_27)","decl":{"start":{"line":462,"column":2},"end":{"line":462,"column":3}},"loc":{"start":{"line":462,"column":47},"end":{"line":469,"column":3}},"line":462},"28":{"name":"(anonymous_28)","decl":{"start":{"line":471,"column":2},"end":{"line":471,"column":3}},"loc":{"start":{"line":471,"column":22},"end":{"line":477,"column":3}},"line":471},"29":{"name":"(anonymous_29)","decl":{"start":{"line":473,"column":22},"end":{"line":473,"column":23}},"loc":{"start":{"line":473,"column":51},"end":{"line":475,"column":5}},"line":473},"30":{"name":"(anonymous_30)","decl":{"start":{"line":474,"column":26},"end":{"line":474,"column":27}},"loc":{"start":{"line":474,"column":36},"end":{"line":474,"column":164}},"line":474},"31":{"name":"(anonymous_31)","decl":{"start":{"line":474,"column":170},"end":{"line":474,"column":171}},"loc":{"start":{"line":474,"column":181},"end":{"line":474,"column":230}},"line":474},"32":{"name":"(anonymous_32)","decl":{"start":{"line":479,"column":2},"end":{"line":479,"column":3}},"loc":{"start":{"line":479,"column":46},"end":{"line":486,"column":3}},"line":479},"33":{"name":"(anonymous_33)","decl":{"start":{"line":488,"column":2},"end":{"line":488,"column":3}},"loc":{"start":{"line":488,"column":41},"end":{"line":499,"column":3}},"line":488},"34":{"name":"(anonymous_34)","decl":{"start":{"line":494,"column":29},"end":{"line":494,"column":30}},"loc":{"start":{"line":494,"column":38},"end":{"line":494,"column":59}},"line":494},"35":{"name":"(anonymous_35)","decl":{"start":{"line":501,"column":2},"end":{"line":501,"column":3}},"loc":{"start":{"line":501,"column":43},"end":{"line":519,"column":3}},"line":501}},"branchMap":{"0":{"loc":{"start":{"line":12,"column":36},"end":{"line":12,"column":55}},"type":"default-arg","locations":[{"start":{"line":12,"column":51},"end":{"line":12,"column":55}}],"line":12},"1":{"loc":{"start":{"line":12,"column":57},"end":{"line":12,"column":74}},"type":"default-arg","locations":[{"start":{"line":12,"column":70},"end":{"line":12,"column":74}}],"line":12},"2":{"loc":{"start":{"line":13,"column":4},"end":{"line":13,"column":29}},"type":"if","locations":[{"start":{"line":13,"column":4},"end":{"line":13,"column":29}},{"start":{},"end":{}}],"line":13},"3":{"loc":{"start":{"line":14,"column":20},"end":{"line":14,"column":41}},"type":"binary-expr","locations":[{"start":{"line":14,"column":20},"end":{"line":14,"column":29}},{"start":{"line":14,"column":33},"end":{"line":14,"column":41}}],"line":14},"4":{"loc":{"start":{"line":16,"column":4},"end":{"line":16,"column":50}},"type":"if","locations":[{"start":{"line":16,"column":4},"end":{"line":16,"column":50}},{"start":{},"end":{}}],"line":16},"5":{"loc":{"start":{"line":18,"column":4},"end":{"line":20,"column":5}},"type":"if","locations":[{"start":{"line":18,"column":4},"end":{"line":20,"column":5}},{"start":{},"end":{}}],"line":18},"6":{"loc":{"start":{"line":18,"column":8},"end":{"line":18,"column":64}},"type":"binary-expr","locations":[{"start":{"line":18,"column":8},"end":{"line":18,"column":20}},{"start":{"line":18,"column":24},"end":{"line":18,"column":64}}],"line":18},"7":{"loc":{"start":{"line":22,"column":26},"end":{"line":22,"column":81}},"type":"binary-expr","locations":[{"start":{"line":22,"column":26},"end":{"line":22,"column":50}},{"start":{"line":22,"column":54},"end":{"line":22,"column":81}}],"line":22},"8":{"loc":{"start":{"line":24,"column":4},"end":{"line":38,"column":5}},"type":"if","locations":[{"start":{"line":24,"column":4},"end":{"line":38,"column":5}},{"start":{},"end":{}}],"line":24},"9":{"loc":{"start":{"line":24,"column":8},"end":{"line":24,"column":47}},"type":"binary-expr","locations":[{"start":{"line":24,"column":8},"end":{"line":24,"column":30}},{"start":{"line":24,"column":34},"end":{"line":24,"column":47}}],"line":24},"10":{"loc":{"start":{"line":26,"column":6},"end":{"line":28,"column":7}},"type":"if","locations":[{"start":{"line":26,"column":6},"end":{"line":28,"column":7}},{"start":{},"end":{}}],"line":26},"11":{"loc":{"start":{"line":26,"column":10},"end":{"line":26,"column":60}},"type":"binary-expr","locations":[{"start":{"line":26,"column":10},"end":{"line":26,"column":20}},{"start":{"line":26,"column":24},"end":{"line":26,"column":60}}],"line":26},"12":{"loc":{"start":{"line":30,"column":6},"end":{"line":36,"column":7}},"type":"if","locations":[{"start":{"line":30,"column":6},"end":{"line":36,"column":7}},{"start":{},"end":{}}],"line":30},"13":{"loc":{"start":{"line":32,"column":8},"end":{"line":32,"column":67}},"type":"if","locations":[{"start":{"line":32,"column":8},"end":{"line":32,"column":67}},{"start":{},"end":{}}],"line":32},"14":{"loc":{"start":{"line":33,"column":8},"end":{"line":35,"column":9}},"type":"if","locations":[{"start":{"line":33,"column":8},"end":{"line":35,"column":9}},{"start":{},"end":{}}],"line":33},"15":{"loc":{"start":{"line":40,"column":4},"end":{"line":42,"column":5}},"type":"if","locations":[{"start":{"line":40,"column":4},"end":{"line":42,"column":5}},{"start":{},"end":{}}],"line":40},"16":{"loc":{"start":{"line":49,"column":4},"end":{"line":49,"column":93}},"type":"if","locations":[{"start":{"line":49,"column":4},"end":{"line":49,"column":93}},{"start":{},"end":{}}],"line":49},"17":{"loc":{"start":{"line":49,"column":8},"end":{"line":49,"column":74}},"type":"binary-expr","locations":[{"start":{"line":49,"column":8},"end":{"line":49,"column":17}},{"start":{"line":49,"column":21},"end":{"line":49,"column":36}},{"start":{"line":49,"column":40},"end":{"line":49,"column":74}}],"line":49},"18":{"loc":{"start":{"line":52,"column":11},"end":{"line":52,"column":89}},"type":"cond-expr","locations":[{"start":{"line":52,"column":30},"end":{"line":52,"column":39}},{"start":{"line":52,"column":42},"end":{"line":52,"column":89}}],"line":52},"19":{"loc":{"start":{"line":85,"column":4},"end":{"line":87,"column":5}},"type":"if","locations":[{"start":{"line":85,"column":4},"end":{"line":87,"column":5}},{"start":{},"end":{}}],"line":85},"20":{"loc":{"start":{"line":91,"column":4},"end":{"line":93,"column":5}},"type":"if","locations":[{"start":{"line":91,"column":4},"end":{"line":93,"column":5}},{"start":{},"end":{}}],"line":91},"21":{"loc":{"start":{"line":91,"column":8},"end":{"line":91,"column":23}},"type":"binary-expr","locations":[{"start":{"line":91,"column":8},"end":{"line":91,"column":14}},{"start":{"line":91,"column":18},"end":{"line":91,"column":23}}],"line":91},"22":{"loc":{"start":{"line":96,"column":4},"end":{"line":96,"column":88}},"type":"if","locations":[{"start":{"line":96,"column":4},"end":{"line":96,"column":88}},{"start":{},"end":{}}],"line":96},"23":{"loc":{"start":{"line":124,"column":4},"end":{"line":124,"column":115}},"type":"if","locations":[{"start":{"line":124,"column":4},"end":{"line":124,"column":115}},{"start":{},"end":{}}],"line":124},"24":{"loc":{"start":{"line":124,"column":8},"end":{"line":124,"column":86}},"type":"binary-expr","locations":[{"start":{"line":124,"column":8},"end":{"line":124,"column":56}},{"start":{"line":124,"column":60},"end":{"line":124,"column":86}}],"line":124},"25":{"loc":{"start":{"line":126,"column":4},"end":{"line":128,"column":5}},"type":"if","locations":[{"start":{"line":126,"column":4},"end":{"line":128,"column":5}},{"start":{},"end":{}}],"line":126},"26":{"loc":{"start":{"line":126,"column":8},"end":{"line":126,"column":93}},"type":"binary-expr","locations":[{"start":{"line":126,"column":8},"end":{"line":126,"column":31}},{"start":{"line":126,"column":36},"end":{"line":126,"column":56}},{"start":{"line":126,"column":60},"end":{"line":126,"column":92}}],"line":126},"27":{"loc":{"start":{"line":131,"column":4},"end":{"line":131,"column":87}},"type":"if","locations":[{"start":{"line":131,"column":4},"end":{"line":131,"column":87}},{"start":{},"end":{}}],"line":131},"28":{"loc":{"start":{"line":143,"column":18},"end":{"line":143,"column":41}},"type":"binary-expr","locations":[{"start":{"line":143,"column":18},"end":{"line":143,"column":36}},{"start":{"line":143,"column":40},"end":{"line":143,"column":41}}],"line":143},"29":{"loc":{"start":{"line":147,"column":20},"end":{"line":147,"column":51}},"type":"binary-expr","locations":[{"start":{"line":147,"column":20},"end":{"line":147,"column":42}},{"start":{"line":147,"column":46},"end":{"line":147,"column":51}}],"line":147},"30":{"loc":{"start":{"line":151,"column":4},"end":{"line":151,"column":126}},"type":"if","locations":[{"start":{"line":151,"column":4},"end":{"line":151,"column":126}},{"start":{},"end":{}}],"line":151},"31":{"loc":{"start":{"line":184,"column":4},"end":{"line":184,"column":57}},"type":"if","locations":[{"start":{"line":184,"column":4},"end":{"line":184,"column":57}},{"start":{},"end":{}}],"line":184},"32":{"loc":{"start":{"line":185,"column":4},"end":{"line":185,"column":121}},"type":"if","locations":[{"start":{"line":185,"column":4},"end":{"line":185,"column":121}},{"start":{},"end":{}}],"line":185},"33":{"loc":{"start":{"line":185,"column":8},"end":{"line":185,"column":69}},"type":"binary-expr","locations":[{"start":{"line":185,"column":8},"end":{"line":185,"column":36}},{"start":{"line":185,"column":40},"end":{"line":185,"column":69}}],"line":185},"34":{"loc":{"start":{"line":196,"column":12},"end":{"line":196,"column":20}},"type":"default-arg","locations":[{"start":{"line":196,"column":19},"end":{"line":196,"column":20}}],"line":196},"35":{"loc":{"start":{"line":196,"column":22},"end":{"line":196,"column":32}},"type":"default-arg","locations":[{"start":{"line":196,"column":30},"end":{"line":196,"column":32}}],"line":196},"36":{"loc":{"start":{"line":196,"column":34},"end":{"line":196,"column":45}},"type":"default-arg","locations":[{"start":{"line":196,"column":43},"end":{"line":196,"column":45}}],"line":196},"37":{"loc":{"start":{"line":202,"column":4},"end":{"line":202,"column":61}},"type":"if","locations":[{"start":{"line":202,"column":4},"end":{"line":202,"column":61}},{"start":{},"end":{}}],"line":202},"38":{"loc":{"start":{"line":202,"column":8},"end":{"line":202,"column":34}},"type":"binary-expr","locations":[{"start":{"line":202,"column":8},"end":{"line":202,"column":14}},{"start":{"line":202,"column":18},"end":{"line":202,"column":34}}],"line":202},"39":{"loc":{"start":{"line":203,"column":4},"end":{"line":203,"column":50}},"type":"if","locations":[{"start":{"line":203,"column":4},"end":{"line":203,"column":50}},{"start":{},"end":{}}],"line":203},"40":{"loc":{"start":{"line":203,"column":8},"end":{"line":203,"column":30}},"type":"binary-expr","locations":[{"start":{"line":203,"column":8},"end":{"line":203,"column":12}},{"start":{"line":203,"column":16},"end":{"line":203,"column":30}}],"line":203},"41":{"loc":{"start":{"line":205,"column":4},"end":{"line":211,"column":5}},"type":"if","locations":[{"start":{"line":205,"column":4},"end":{"line":211,"column":5}},{"start":{},"end":{}}],"line":205},"42":{"loc":{"start":{"line":213,"column":4},"end":{"line":220,"column":5}},"type":"if","locations":[{"start":{"line":213,"column":4},"end":{"line":220,"column":5}},{"start":{},"end":{}}],"line":213},"43":{"loc":{"start":{"line":213,"column":8},"end":{"line":213,"column":42}},"type":"binary-expr","locations":[{"start":{"line":213,"column":8},"end":{"line":213,"column":18}},{"start":{"line":213,"column":22},"end":{"line":213,"column":42}}],"line":213},"44":{"loc":{"start":{"line":215,"column":6},"end":{"line":219,"column":7}},"type":"if","locations":[{"start":{"line":215,"column":6},"end":{"line":219,"column":7}},{"start":{"line":217,"column":13},"end":{"line":219,"column":7}}],"line":215},"45":{"loc":{"start":{"line":249,"column":4},"end":{"line":249,"column":57}},"type":"if","locations":[{"start":{"line":249,"column":4},"end":{"line":249,"column":57}},{"start":{},"end":{}}],"line":249},"46":{"loc":{"start":{"line":255,"column":4},"end":{"line":255,"column":57}},"type":"if","locations":[{"start":{"line":255,"column":4},"end":{"line":255,"column":57}},{"start":{},"end":{}}],"line":255},"47":{"loc":{"start":{"line":258,"column":24},"end":{"line":258,"column":46}},"type":"binary-expr","locations":[{"start":{"line":258,"column":24},"end":{"line":258,"column":41}},{"start":{"line":258,"column":45},"end":{"line":258,"column":46}}],"line":258},"48":{"loc":{"start":{"line":262,"column":6},"end":{"line":262,"column":52}},"type":"if","locations":[{"start":{"line":262,"column":6},"end":{"line":262,"column":52}},{"start":{},"end":{}}],"line":262},"49":{"loc":{"start":{"line":263,"column":6},"end":{"line":265,"column":7}},"type":"if","locations":[{"start":{"line":263,"column":6},"end":{"line":265,"column":7}},{"start":{},"end":{}}],"line":263},"50":{"loc":{"start":{"line":263,"column":10},"end":{"line":263,"column":38}},"type":"binary-expr","locations":[{"start":{"line":263,"column":10},"end":{"line":263,"column":23}},{"start":{"line":263,"column":27},"end":{"line":263,"column":38}}],"line":263},"51":{"loc":{"start":{"line":280,"column":4},"end":{"line":280,"column":57}},"type":"if","locations":[{"start":{"line":280,"column":4},"end":{"line":280,"column":57}},{"start":{},"end":{}}],"line":280},"52":{"loc":{"start":{"line":284,"column":4},"end":{"line":324,"column":5}},"type":"if","locations":[{"start":{"line":284,"column":4},"end":{"line":324,"column":5}},{"start":{"line":297,"column":11},"end":{"line":324,"column":5}}],"line":284},"53":{"loc":{"start":{"line":298,"column":8},"end":{"line":314,"column":9}},"type":"if","locations":[{"start":{"line":298,"column":8},"end":{"line":314,"column":9}},{"start":{},"end":{}}],"line":298},"54":{"loc":{"start":{"line":298,"column":12},"end":{"line":298,"column":84}},"type":"binary-expr","locations":[{"start":{"line":298,"column":12},"end":{"line":298,"column":30}},{"start":{"line":298,"column":34},"end":{"line":298,"column":84}}],"line":298},"55":{"loc":{"start":{"line":301,"column":10},"end":{"line":301,"column":105}},"type":"if","locations":[{"start":{"line":301,"column":10},"end":{"line":301,"column":105}},{"start":{},"end":{}}],"line":301},"56":{"loc":{"start":{"line":302,"column":10},"end":{"line":313,"column":11}},"type":"if","locations":[{"start":{"line":302,"column":10},"end":{"line":313,"column":11}},{"start":{},"end":{}}],"line":302},"57":{"loc":{"start":{"line":304,"column":12},"end":{"line":312,"column":13}},"type":"if","locations":[{"start":{"line":304,"column":12},"end":{"line":312,"column":13}},{"start":{},"end":{}}],"line":304},"58":{"loc":{"start":{"line":316,"column":8},"end":{"line":316,"column":101}},"type":"if","locations":[{"start":{"line":316,"column":8},"end":{"line":316,"column":101}},{"start":{},"end":{}}],"line":316},"59":{"loc":{"start":{"line":316,"column":12},"end":{"line":316,"column":74}},"type":"binary-expr","locations":[{"start":{"line":316,"column":12},"end":{"line":316,"column":36}},{"start":{"line":316,"column":40},"end":{"line":316,"column":74}}],"line":316},"60":{"loc":{"start":{"line":327,"column":8},"end":{"line":329,"column":9}},"type":"if","locations":[{"start":{"line":327,"column":8},"end":{"line":329,"column":9}},{"start":{},"end":{}}],"line":327},"61":{"loc":{"start":{"line":327,"column":12},"end":{"line":327,"column":73}},"type":"binary-expr","locations":[{"start":{"line":327,"column":12},"end":{"line":327,"column":41}},{"start":{"line":327,"column":45},"end":{"line":327,"column":73}}],"line":327},"62":{"loc":{"start":{"line":328,"column":26},"end":{"line":328,"column":90}},"type":"cond-expr","locations":[{"start":{"line":328,"column":51},"end":{"line":328,"column":73}},{"start":{"line":328,"column":76},"end":{"line":328,"column":90}}],"line":328},"63":{"loc":{"start":{"line":334,"column":4},"end":{"line":353,"column":5}},"type":"if","locations":[{"start":{"line":334,"column":4},"end":{"line":353,"column":5}},{"start":{},"end":{}}],"line":334},"64":{"loc":{"start":{"line":334,"column":8},"end":{"line":334,"column":73}},"type":"binary-expr","locations":[{"start":{"line":334,"column":8},"end":{"line":334,"column":40}},{"start":{"line":334,"column":44},"end":{"line":334,"column":73}}],"line":334},"65":{"loc":{"start":{"line":361,"column":4},"end":{"line":363,"column":5}},"type":"if","locations":[{"start":{"line":361,"column":4},"end":{"line":363,"column":5}},{"start":{},"end":{}}],"line":361},"66":{"loc":{"start":{"line":366,"column":4},"end":{"line":366,"column":57}},"type":"if","locations":[{"start":{"line":366,"column":4},"end":{"line":366,"column":57}},{"start":{},"end":{}}],"line":366},"67":{"loc":{"start":{"line":367,"column":4},"end":{"line":367,"column":111}},"type":"if","locations":[{"start":{"line":367,"column":4},"end":{"line":367,"column":111}},{"start":{},"end":{}}],"line":367},"68":{"loc":{"start":{"line":386,"column":4},"end":{"line":386,"column":47}},"type":"if","locations":[{"start":{"line":386,"column":4},"end":{"line":386,"column":47}},{"start":{},"end":{}}],"line":386},"69":{"loc":{"start":{"line":387,"column":4},"end":{"line":387,"column":111}},"type":"if","locations":[{"start":{"line":387,"column":4},"end":{"line":387,"column":111}},{"start":{},"end":{}}],"line":387},"70":{"loc":{"start":{"line":395,"column":4},"end":{"line":395,"column":47}},"type":"if","locations":[{"start":{"line":395,"column":4},"end":{"line":395,"column":47}},{"start":{},"end":{}}],"line":395},"71":{"loc":{"start":{"line":398,"column":4},"end":{"line":398,"column":96}},"type":"if","locations":[{"start":{"line":398,"column":4},"end":{"line":398,"column":96}},{"start":{},"end":{}}],"line":398},"72":{"loc":{"start":{"line":405,"column":4},"end":{"line":405,"column":47}},"type":"if","locations":[{"start":{"line":405,"column":4},"end":{"line":405,"column":47}},{"start":{},"end":{}}],"line":405},"73":{"loc":{"start":{"line":412,"column":4},"end":{"line":412,"column":47}},"type":"if","locations":[{"start":{"line":412,"column":4},"end":{"line":412,"column":47}},{"start":{},"end":{}}],"line":412},"74":{"loc":{"start":{"line":416,"column":4},"end":{"line":430,"column":5}},"type":"if","locations":[{"start":{"line":416,"column":4},"end":{"line":430,"column":5}},{"start":{"line":419,"column":9},"end":{"line":430,"column":5}}],"line":416},"75":{"loc":{"start":{"line":416,"column":8},"end":{"line":416,"column":47}},"type":"binary-expr","locations":[{"start":{"line":416,"column":8},"end":{"line":416,"column":30}},{"start":{"line":416,"column":34},"end":{"line":416,"column":47}}],"line":416},"76":{"loc":{"start":{"line":419,"column":9},"end":{"line":430,"column":5}},"type":"if","locations":[{"start":{"line":419,"column":9},"end":{"line":430,"column":5}},{"start":{"line":428,"column":9},"end":{"line":430,"column":5}}],"line":419},"77":{"loc":{"start":{"line":419,"column":13},"end":{"line":419,"column":51}},"type":"binary-expr","locations":[{"start":{"line":419,"column":13},"end":{"line":419,"column":29}},{"start":{"line":419,"column":33},"end":{"line":419,"column":51}}],"line":419},"78":{"loc":{"start":{"line":421,"column":8},"end":{"line":422,"column":80}},"type":"binary-expr","locations":[{"start":{"line":421,"column":9},"end":{"line":421,"column":23}},{"start":{"line":421,"column":27},"end":{"line":421,"column":65}},{"start":{"line":422,"column":9},"end":{"line":422,"column":30}},{"start":{"line":422,"column":34},"end":{"line":422,"column":79}}],"line":421},"79":{"loc":{"start":{"line":424,"column":6},"end":{"line":426,"column":7}},"type":"if","locations":[{"start":{"line":424,"column":6},"end":{"line":426,"column":7}},{"start":{},"end":{}}],"line":424},"80":{"loc":{"start":{"line":432,"column":4},"end":{"line":432,"column":49}},"type":"if","locations":[{"start":{"line":432,"column":4},"end":{"line":432,"column":49}},{"start":{},"end":{}}],"line":432},"81":{"loc":{"start":{"line":433,"column":4},"end":{"line":433,"column":52}},"type":"if","locations":[{"start":{"line":433,"column":4},"end":{"line":433,"column":52}},{"start":{},"end":{}}],"line":433},"82":{"loc":{"start":{"line":434,"column":28},"end":{"line":434,"column":48}},"type":"binary-expr","locations":[{"start":{"line":434,"column":28},"end":{"line":434,"column":43}},{"start":{"line":434,"column":47},"end":{"line":434,"column":48}}],"line":434},"83":{"loc":{"start":{"line":434,"column":53},"end":{"line":434,"column":74}},"type":"binary-expr","locations":[{"start":{"line":434,"column":53},"end":{"line":434,"column":69}},{"start":{"line":434,"column":73},"end":{"line":434,"column":74}}],"line":434},"84":{"loc":{"start":{"line":435,"column":45},"end":{"line":435,"column":67}},"type":"binary-expr","locations":[{"start":{"line":435,"column":45},"end":{"line":435,"column":62}},{"start":{"line":435,"column":66},"end":{"line":435,"column":67}}],"line":435},"85":{"loc":{"start":{"line":442,"column":4},"end":{"line":442,"column":57}},"type":"if","locations":[{"start":{"line":442,"column":4},"end":{"line":442,"column":57}},{"start":{},"end":{}}],"line":442},"86":{"loc":{"start":{"line":443,"column":11},"end":{"line":443,"column":34}},"type":"binary-expr","locations":[{"start":{"line":443,"column":11},"end":{"line":443,"column":28}},{"start":{"line":443,"column":32},"end":{"line":443,"column":34}}],"line":443},"87":{"loc":{"start":{"line":458,"column":203},"end":{"line":458,"column":303}},"type":"binary-expr","locations":[{"start":{"line":458,"column":203},"end":{"line":458,"column":214}},{"start":{"line":458,"column":218},"end":{"line":458,"column":303}}],"line":458},"88":{"loc":{"start":{"line":464,"column":4},"end":{"line":464,"column":67}},"type":"if","locations":[{"start":{"line":464,"column":4},"end":{"line":464,"column":67}},{"start":{},"end":{}}],"line":464},"89":{"loc":{"start":{"line":467,"column":4},"end":{"line":467,"column":47}},"type":"if","locations":[{"start":{"line":467,"column":4},"end":{"line":467,"column":47}},{"start":{},"end":{}}],"line":467},"90":{"loc":{"start":{"line":473,"column":30},"end":{"line":473,"column":46}},"type":"default-arg","locations":[{"start":{"line":473,"column":42},"end":{"line":473,"column":46}}],"line":473},"91":{"loc":{"start":{"line":474,"column":38},"end":{"line":474,"column":85}},"type":"if","locations":[{"start":{"line":474,"column":38},"end":{"line":474,"column":85}},{"start":{},"end":{}}],"line":474},"92":{"loc":{"start":{"line":474,"column":93},"end":{"line":474,"column":161}},"type":"binary-expr","locations":[{"start":{"line":474,"column":93},"end":{"line":474,"column":107}},{"start":{"line":474,"column":111},"end":{"line":474,"column":161}}],"line"
[...]
e":481},"94":{"loc":{"start":{"line":484,"column":4},"end":{"line":484,"column":57}},"type":"if","locations":[{"start":{"line":484,"column":4},"end":{"line":484,"column":57}},{"start":{},"end":{}}],"line":484},"95":{"loc":{"start":{"line":497,"column":4},"end":{"line":497,"column":57}},"type":"if","locations":[{"start":{"line":497,"column":4},"end":{"line":497,"column":57}},{"start":{},"end":{}}],"line":497},"96":{"loc":{"start":{"line":504,"column":4},"end":{"line":504,"column":37}},"type":"if","locations":[{"start":{"line":504,"column":4},"end":{"line":504,"column":37}},{"start":{},"end":{}}],"line":504},"97":{"loc":{"start":{"line":506,"column":4},"end":{"line":514,"column":5}},"type":"if","locations":[{"start":{"line":506,"column":4},"end":{"line":514,"column":5}},{"start":{},"end":{}}],"line":506},"98":{"loc":{"start":{"line":508,"column":6},"end":{"line":508,"column":59}},"type":"if","locations":[{"start":{"line":508,"column":6},"end":{"line":508,"column":59}},{"start":{},"end":{}}],"line":508},"99":{"loc":{"start":{"line":517,"column":4},"end":{"line":517,"column":64}},"type":"if","locations":[{"start":{"line":517,"column":4},"end":{"line":517,"column":64}},{"start":{},"end":{}}],"line":517}},"s":{"0":1,"1":1,"2":1,"3":1,"4":1,"5":1,"6":1,"7":1,"8":1,"9":3,"10":0,"11":3,"12":3,"13":2,"14":1,"15":0,"16":1,"17":1,"18":0,"19":0,"20":0,"21":0,"22":0,"23":0,"24":0,"25":0,"26":0,"27":0,"28":1,"29":1,"30":0,"31":3,"32":3,"33":2,"34":1,"35":1,"36":1,"37":1,"38":1,"39":1,"40":1,"41":0,"42":0,"43":0,"44":0,"45":0,"46":0,"47":0,"48":0,"49":0,"50":0,"51":0,"52":0,"53":0,"54":3,"55":3,"56":2,"57":0,"58":2,"59":0,"60":2,"61":2,"62":1,"63":1,"64":1,"65":1,"66":1,"67":1,"68":0,"69":1,"70":1,"71":0,"72":1,"73":1,"74":1,"75":0,"76":1,"77":0,"78":1,"79":0,"80":0,"81":0,"82":0,"83":0,"84":0,"85":0,"86":0,"87":0,"88":0,"89":0,"90":0,"91":0,"92":0,"93":0,"94":0,"95":0,"96":0,"97":0,"98":0,"99":0,"100":0,"101":0,"102":0,"103":0,"104":0,"105":0,"106":0,"107":0,"108":0,"109":0,"110":0,"111":0,"112":0,"113":0,"114":0,"115":0,"116":0,"117":0,"118":0,"119":0,"120":0,"121":0,"122":0,"123":0,"124":0,"125":0,"126":0,"127":0,"128":0,"129":0,"130":0,"131":0,"132":0,"133":0,"134":0,"135":0,"136":0,"137":0,"138":0,"139":0,"140":0,"141":0,"142":0,"143":0,"144":0,"145":0,"146":0,"147":0,"148":0,"149":0,"150":0,"151":0,"152":0,"153":0,"154":0,"155":0,"156":0,"157":0,"158":0,"159":0,"160":0,"161":0,"162":0,"163":0,"164":0,"165":0,"166":0,"167":0,"168":0,"169":0,"170":0,"171":0,"172":0,"173":0,"174":0,"175":0,"176":0,"177":0,"178":0,"179":0,"180":0,"181":0,"182":0,"183":0,"184":0,"185":0,"186":0,"187":0,"188":0,"189":0,"190":0,"191":0,"192":0,"193":0,"194":0,"195":0,"196":0,"197":0,"198":0,"199":0,"200":0,"201":0,"202":0,"203":0,"204":0,"205":0,"206":0,"207":0,"208":0,"209":0,"210":0,"211":0,"212":0,"213":0,"214":0,"215":0,"216":0,"217":0,"218":0,"219":0,"220":0,"221":0,"222":0,"223":0,"224":0,"225":0,"226":0,"227":0,"228":0,"229":0,"230":0,"231":0,"232":0,"233":0,"234":0,"235":0,"236":0,"237":0,"238":0,"239":0,"240":0,"241":0,"242":0,"243":0,"244":0,"245":0,"246":0,"247":0,"248":0,"249":0,"250":0,"251":0,"252":0,"253":0,"254":0,"255":0,"256":0,"257":0,"258":0,"259":0,"260":0,"261":0,"262":0,"263":0,"264":0,"265":0,"266":1},"f":{"0":3,"1":3,"2":1,"3":0,"4":3,"5":0,"6":0,"7":0,"8":0,"9":0,"10":0,"11":0,"12":0,"13":0,"14":0,"15":0,"16":0,"17":0,"18":0,"19":0,"20":0,"21":0,"22":0,"23":0,"24":0,"25":0,"26":0,"27":0,"28":0,"29":0,"30":0,"31":0,"32":0,"33":0,"34":0,"35":0},"b":{"0":[0],"1":[0],"2":[0,3],"3":[3,0],"4":[2,1],"5":[0,1],"6":[1,0],"7":[1,0],"8":[0,1],"9":[1,1],"10":[0,0],"11":[0,0],"12":[0,0],"13":[0,0],"14":[0,0],"15":[1,0],"16":[2,1],"17":[3,1,1],"18":[0,1],"19":[0,0],"20":[0,0],"21":[0,0],"22":[0,0],"23":[0,2],"24":[2,2],"25":[0,2],"26":[2,0,0],"27":[1,1],"28":[1,1],"29":[1,1],"30":[0,1],"31":[0,0],"32":[0,0],"33":[0,0],"34":[0],"35":[0],"36":[0],"37":[0,0],"38":[0,0],"39":[0,0],"40":[0,0],"41":[0,0],"42":[0,0],"43":[0,0],"44":[0,0],"45":[0,0],"46":[0,0],"47":[0,0],"48":[0,0],"49":[0,0],"50":[0,0],"51":[0,0],"52":[0,0],"53":[0,0],"54":[0,0],"55":[0,0],"56":[0,0],"57":[0,0],"58":[0,0],"59":[0,0],"60":[0,0],"61":[0,0],"62":[0,0],"63":[0,0],"64":[0,0],"65":[0,0],"66":[0,0],"67":[0,0],"68":[0,0],"69":[0,0],"70":[0,0],"71":[0,0],"72":[0,0],"73":[0,0],"74":[0,0],"75":[0,0],"76":[0,0],"77":[0,0],"78":[0,0,0,0],"79":[0,0],"80":[0,0],"81":[0,0],"82":[0,0],"83":[0,0],"84":[0,0],"85":[0,0],"86":[0,0],"87":[0,0],"88":[0,0],"89":[0,0],"90":[0],"91":[0,0],"92":[0,0],"93":[0,0],"94":[0,0],"95":[0,0],"96":[0,0],"97":[0,0],"98":[0,0],"99":[0,0]},"_coverageSchema":"1a1c01bbd47fc00a2c39e90264f33305004495a9","hash":"3d4e3a554295ec00a39cdc231d4177591e4c37ca"}
,"C:\\Users\\TayyabSaleem\\Desktop\\Karbexa\\backend\\utils\\ExpressError.js": {"path":"C:\\Users\\TayyabSaleem\\Desktop\\Karbexa\\backend\\utils\\ExpressError.js","statementMap":{"0":{"start":{"line":3,"column":8},"end":{"line":3,"column":16}},"1":{"start":{"line":4,"column":8},"end":{"line":4,"column":29}},"2":{"start":{"line":5,"column":8},"end":{"line":5,"column":31}},"3":{"start":{"line":11,"column":4},"end":{"line":11,"column":40}},"4":{"start":{"line":17,"column":6},"end":{"line":17,"column":26}},"5":{"start":{"line":22,"column":6},"end":{"line":22,"column":26}},"6":{"start":{"line":28,"column":6},"end":{"line":28,"column":26}},"7":{"start":{"line":32,"column":2},"end":{"line":38,"column":4}}},"fnMap":{"0":{"name":"(anonymous_0)","decl":{"start":{"line":2,"column":4},"end":{"line":2,"column":5}},"loc":{"start":{"line":2,"column":32},"end":{"line":6,"column":5}},"line":2},"1":{"name":"(anonymous_1)","decl":{"start":{"line":10,"column":2},"end":{"line":10,"column":3}},"loc":{"start":{"line":10,"column":37},"end":{"line":12,"column":3}},"line":10},"2":{"name":"(anonymous_2)","decl":{"start":{"line":16,"column":4},"end":{"line":16,"column":5}},"loc":{"start":{"line":16,"column":41},"end":{"line":18,"column":5}},"line":16},"3":{"name":"(anonymous_3)","decl":{"start":{"line":21,"column":4},"end":{"line":21,"column":5}},"loc":{"start":{"line":21,"column":42},"end":{"line":23,"column":5}},"line":21},"4":{"name":"(anonymous_4)","decl":{"start":{"line":27,"column":4},"end":{"line":27,"column":5}},"loc":{"start":{"line":27,"column":39},"end":{"line":29,"column":5}},"line":27}},"branchMap":{"0":{"loc":{"start":{"line":10,"column":14},"end":{"line":10,"column":35}},"type":"default-arg","locations":[{"start":{"line":10,"column":25},"end":{"line":10,"column":35}}],"line":10},"1":{"loc":{"start":{"line":16,"column":16},"end":{"line":16,"column":39}},"type":"default-arg","locations":[{"start":{"line":16,"column":26},"end":{"line":16,"column":39}}],"line":16},"2":{"loc":{"start":{"line":21,"column":16},"end":{"line":21,"column":40}},"type":"default-arg","locations":[{"start":{"line":21,"column":26},"end":{"line":21,"column":40}}],"line":21},"3":{"loc":{"start":{"line":27,"column":16},"end":{"line":27,"column":37}},"type":"default-arg","locations":[{"start":{"line":27,"column":26},"end":{"line":27,"column":37}}],"line":27}},"s":{"0":4,"1":4,"2":4,"3":0,"4":3,"5":0,"6":1,"7":2},"f":{"0":4,"1":0,"2":3,"3":0,"4":1},"b":{"0":[0],"1":[0],"2":[0],"3":[0]},"_coverageSchema":"1a1c01bbd47fc00a2c39e90264f33305004495a9","hash":"824134f36e543760b4a01e32d12c4bbfd02cd7ff"}
,"C:\\Users\\TayyabSaleem\\Desktop\\Karbexa\\backend\\utils\\hierarchy.js": {"path":"C:\\Users\\TayyabSaleem\\Desktop\\Karbexa\\backend\\utils\\hierarchy.js","statementMap":{"0":{"start":{"line":1,"column":13},"end":{"line":1,"column":44}},"1":{"start":{"line":8,"column":19},"end":{"line":18,"column":1}},"2":{"start":{"line":9,"column":16},"end":{"line":9,"column":38}},"3":{"start":{"line":10,"column":24},"end":{"line":10,"column":81}},"4":{"start":{"line":11,"column":2},"end":{"line":16,"column":3}},"5":{"start":{"line":12,"column":4},"end":{"line":15,"column":5}},"6":{"start":{"line":13,"column":22},"end":{"line":13,"column":48}},"7":{"start":{"line":14,"column":6},"end":{"line":14,"column":55}},"8":{"start":{"line":17,"column":2},"end":{"line":17,"column":17}},"9":{"start":{"line":20,"column":0},"end":{"line":20,"column":32}}},"fnMap":{"0":{"name":"(anonymous_0)","decl":{"start":{"line":8,"column":19},"end":{"line":8,"column":20}},"loc":{"start":{"line":8,"column":40},"end":{"line":18,"column":1}},"line":8}},"branchMap":{"0":{"loc":{"start":{"line":11,"column":2},"end":{"line":16,"column":3}},"type":"if","locations":[{"start":{"line":11,"column":2},"end":{"line":16,"column":3}},{"start":{},"end":{}}],"line":11}},"s":{"0":1,"1":1,"2":0,"3":0,"4":0,"5":0,"6":0,"7":0,"8":0,"9":1},"f":{"0":0},"b":{"0":[0,0]},"_coverageSchema":"1a1c01bbd47fc00a2c39e90264f33305004495a9","hash":"8fcbb4ac5e3536778a0af59b34c5a1a4e213e693"}
,"C:\\Users\\TayyabSaleem\\Desktop\\Karbexa\\backend\\utils\\rbac.js": {"path":"C:\\Users\\TayyabSaleem\\Desktop\\Karbexa\\backend\\utils\\rbac.js","statementMap":{"0":{"start":{"line":1,"column":13},"end":{"line":1,"column":44}},"1":{"start":{"line":2,"column":23},"end":{"line":2,"column":45}},"2":{"start":{"line":10,"column":0},"end":{"line":97,"column":2}},"3":{"start":{"line":12,"column":2},"end":{"line":12,"column":41}},"4":{"start":{"line":12,"column":20},"end":{"line":12,"column":41}},"5":{"start":{"line":14,"column":38},"end":{"line":14,"column":49}},"6":{"start":{"line":17,"column":18},"end":{"line":17,"column":76}},"7":{"start":{"line":20,"column":2},"end":{"line":22,"column":3}},"8":{"start":{"line":21,"column":4},"end":{"line":21,"column":14}},"9":{"start":{"line":25,"column":2},"end":{"line":32,"column":3}},"10":{"start":{"line":26,"column":4},"end":{"line":29,"column":5}},"11":{"start":{"line":27,"column":22},"end":{"line":27,"column":43}},"12":{"start":{"line":28,"column":6},"end":{"line":28,"column":47}},"13":{"start":{"line":31,"column":4},"end":{"line":31,"column":32}},"14":{"start":{"line":35,"column":2},"end":{"line":55,"column":3}},"15":{"start":{"line":37,"column":4},"end":{"line":39,"column":5}},"16":{"start":{"line":38,"column":6},"end":{"line":38,"column":16}},"17":{"start":{"line":42,"column":4},"end":{"line":44,"column":5}},"18":{"start":{"line":43,"column":6},"end":{"line":43,"column":27}},"19":{"start":{"line":47,"column":4},"end":{"line":52,"column":5}},"20":{"start":{"line":48,"column":29},"end":{"line":48,"column":80}},"21":{"start":{"line":49,"column":31},"end":{"line":49,"column":101}},"22":{"start":{"line":50,"column":24},"end":{"line":50,"column":67}},"23":{"start":{"line":51,"column":7},"end":{"line":51,"column":46}},"24":{"start":{"line":54,"column":4},"end":{"line":54,"column":14}},"25":{"start":{"line":58,"column":2},"end":{"line":79,"column":3}},"26":{"start":{"line":59,"column":26},"end":{"line":59,"column":77}},"27":{"start":{"line":60,"column":28},"end":{"line":60,"column":98}},"28":{"start":{"line":61,"column":21},"end":{"line":61,"column":64}},"29":{"start":{"line":63,"column":4},"end":{"line":70,"column":5}},"30":{"start":{"line":64,"column":6},"end":{"line":69,"column":8}},"31":{"start":{"line":72,"column":4},"end":{"line":75,"column":5}},"32":{"start":{"line":73,"column":6},"end":{"line":73,"column":50}},"33":{"start":{"line":73,"column":25},"end":{"line":73,"column":50}},"34":{"start":{"line":74,"column":6},"end":{"line":74,"column":45}},"35":{"start":{"line":76,"column":4},"end":{"line":76,"column":65}},"36":{"start":{"line":76,"column":26},"end":{"line":76,"column":65}},"37":{"start":{"line":77,"column":4},"end":{"line":77,"column":66}},"38":{"start":{"line":77,"column":31},"end":{"line":77,"column":66}},"39":{"start":{"line":78,"column":4},"end":{"line":78,"column":25}},"40":{"start":{"line":82,"column":2},"end":{"line":90,"column":3}},"41":{"start":{"line":83,"column":4},"end":{"line":89,"column":6}},"42":{"start":{"line":92,"column":2},"end":{"line":92,"column":50}},"43":{"start":{"line":92,"column":25},"end":{"line":92,"column":50}},"44":{"start":{"line":93,"column":2},"end":{"line":93,"column":49}},"45":{"start":{"line":93,"column":24},"end":{"line":93,"column":49}},"46":{"start":{"line":96,"column":2},"end":{"line":96,"column":23}}},"fnMap":{"0":{"name":"(anonymous_0)","decl":{"start":{"line":10,"column":25},"end":{"line":10,"column":26}},"loc":{"start":{"line":10,"column":54},"end":{"line":97,"column":1}},"line":10}},"branchMap":{"0":{"loc":{"start":{"line":12,"column":2},"end":{"line":12,"column":41}},"type":"if","locations":[{"start":{"line":12,"column":2},"end":{"line":12,"column":41}},{"start":{},"end":{}}],"line":12},"1":{"loc":{"start":{"line":17,"column":18},"end":{"line":17,"column":76}},"type":"cond-expr","locations":[{"start":{"line":17,"column":25},"end":{"line":17,"column":63}},{"start":{"line":17,"column":66},"end":{"line":17,"column":76}}],"line":17},"2":{"loc":{"start":{"line":20,"column":2},"end":{"line":22,"column":3}},"type":"if","locations":[{"start":{"line":20,"column":2},"end":{"line":22,"column":3}},{"start":{},"end":{}}],"line":20},"3":{"loc":{"start":{"line":25,"column":2},"end":{"line":32,"column":3}},"type":"if","locations":[{"start":{"line":25,"column":2},"end":{"line":32,"column":3}},{"start":{},"end":{}}],"line":25},"4":{"loc":{"start":{"line":26,"column":4},"end":{"line":29,"column":5}},"type":"if","locations":[{"start":{"line":26,"column":4},"end":{"line":29,"column":5}},{"start":{},"end":{}}],"line":26},"5":{"loc":{"start":{"line":26,"column":8},"end":{"line":26,"column":52}},"type":"binary-expr","locations":[{"start":{"line":26,"column":8},"end":{"line":26,"column":27}},{"start":{"line":26,"column":31},"end":{"line":26,"column":52}}],"line":26},"6":{"loc":{"start":{"line":35,"column":2},"end":{"line":55,"column":3}},"type":"if","locations":[{"start":{"line":35,"column":2},"end":{"line":55,"column":3}},{"start":{},"end":{}}],"line":35},"7":{"loc":{"start":{"line":35,"column":6},"end":{"line":35,"column":45}},"type":"binary-expr","locations":[{"start":{"line":35,"column":6},"end":{"line":35,"column":22}},{"start":{"line":35,"column":26},"end":{"line":35,"column":45}}],"line":35},"8":{"loc":{"start":{"line":37,"column":4},"end":{"line":39,"column":5}},"type":"if","locations":[{"start":{"line":37,"column":4},"end":{"line":39,"column":5}},{"start":{},"end":{}}],"line":37},"9":{"loc":{"start":{"line":37,"column":8},"end":{"line":37,"column":78}},"type":"binary-expr","locations":[{"start":{"line":37,"column":8},"end":{"line":37,"column":29}},{"start":{"line":37,"column":33},"end":{"line":37,"column":58}},{"start":{"line":37,"column":62},"end":{"line":37,"column":78}}],"line":37},"10":{"loc":{"start":{"line":42,"column":4},"end":{"line":44,"column":5}},"type":"if","locations":[{"start":{"line":42,"column":4},"end":{"line":44,"column":5}},{"start":{},"end":{}}],"line":42},"11":{"loc":{"start":{"line":42,"column":8},"end":{"line":42,"column":45}},"type":"binary-expr","locations":[{"start":{"line":42,"column":8},"end":{"line":42,"column":24}},{"start":{"line":42,"column":28},"end":{"line":42,"column":45}}],"line":42},"12":{"loc":{"start":{"line":47,"column":4},"end":{"line":52,"column":5}},"type":"if","locations":[{"start":{"line":47,"column":4},"end":{"line":52,"column":5}},{"start":{},"end":{}}],"line":47},"13":{"loc":{"start":{"line":47,"column":8},"end":{"line":47,"column":48}},"type":"binary-expr","locations":[{"start":{"line":47,"column":8},"end":{"line":47,"column":27}},{"start":{"line":47,"column":31},"end":{"line":47,"column":48}}],"line":47},"14":{"loc":{"start":{"line":58,"column":2},"end":{"line":79,"column":3}},"type":"if","locations":[{"start":{"line":58,"column":2},"end":{"line":79,"column":3}},{"start":{},"end":{}}],"line":58},"15":{"loc":{"start":{"line":63,"column":4},"end":{"line":70,"column":5}},"type":"if","locations":[{"start":{"line":63,"column":4},"end":{"line":70,"column":5}},{"start":{},"end":{}}],"line":63},"16":{"loc":{"start":{"line":63,"column":8},"end":{"line":63,"column":49}},"type":"binary-expr","locations":[{"start":{"line":63,"column":8},"end":{"line":63,"column":33}},{"start":{"line":63,"column":37},"end":{"line":63,"column":49}}],"line":63},"17":{"loc":{"start":{"line":72,"column":4},"end":{"line":75,"column":5}},"type":"if","locations":[{"start":{"line":72,"column":4},"end":{"line":75,"column":5}},{"start":{},"end":{}}],"line":72},"18":{"loc":{"start":{"line":73,"column":6},"end":{"line":73,"column":50}},"type":"if","locations":[{"start":{"line":73,"column":6},"end":{"line":73,"column":50}},{"start":{},"end":{}}],"line":73},"19":{"loc":{"start":{"line":76,"column":4},"end":{"line":76,"column":65}},"type":"if","locations":[{"start":{"line":76,"column":4},"end":{"line":76,"column":65}},{"start":{},"end":{}}],"line":76},"20":{"loc":{"start":{"line":77,"column":4},"end":{"line":77,"column":66}},"type":"if","locations":[{"start":{"line":77,"column":4},"end":{"line":77,"column":66}},{"start":{},"end":{}}],"line":77},"21":{"loc":{"start":{"line":82,"column":2},"end":{"line":90,"column":3}},"type":"if","locations":[{"start":{"line":82,"column":2},"end":{"line":90,"column":3}},{"start":{},"end":{}}],"line":82},"22":{"loc":{"start":{"line":82,"column":6},"end":{"line":82,"column":69}},"type":"binary-expr","locations":[{"start":{"line":82,"column":6},"end":{"line":82,"column":23}},{"start":{"line":82,"column":28},"end":{"line":82,"column":52}},{"start":{"line":82,"column":56},"end":{"line":82,"column":68}}],"line":82},"23":{"loc":{"start":{"line":92,"column":2},"end":{"line":92,"column":50}},"type":"if","locations":[{"start":{"line":92,"column":2},"end":{"line":92,"column":50}},{"start":{},"end":{}}],"line":92},"24":{"loc":{"start":{"line":93,"column":2},"end":{"line":93,"column":49}},"type":"if","locations":[{"start":{"line":93,"column":2},"end":{"line":93,"column":49}},{"start":{},"end":{}}],"line":93}},"s":{"0":1,"1":1,"2":1,"3":0,"4":0,"5":0,"6":0,"7":0,"8":0,"9":0,"10":0,"11":0,"12":0,"13":0,"14":0,"15":0,"16":0,"17":0,"18":0,"19":0,"20":0,"21":0,"22":0,"23":0,"24":0,"25":0,"26":0,"27":0,"28":0,"29":0,"30":0,"31":0,"32":0,"33":0,"34":0,"35":0,"36":0,"37":0,"38":0,"39":0,"40":0,"41":0,"42":0,"43":0,"44":0,"45":0,"46":0},"f":{"0":0},"b":{"0":[0,0],"1":[0,0],"2":[0,0],"3":[0,0],"4":[0,0],"5":[0,0],"6":[0,0],"7":[0,0],"8":[0,0],"9":[0,0,0],"10":[0,0],"11":[0,0],"12":[0,0],"13":[0,0],"14":[0,0],"15":[0,0],"16":[0,0],"17":[0,0],"18":[0,0],"19":[0,0],"20":[0,0],"21":[0,0],"22":[0,0,0],"23":[0,0],"24":[0,0]},"_coverageSchema":"1a1c01bbd47fc00a2c39e90264f33305004495a9","hash":"ca6f83abaef8177cd1fca0d327ea7cb44a943041"}
,"C:\\Users\\TayyabSaleem\\Desktop\\Karbexa\\backend\\utils\\token.js": {"path":"C:\\Users\\TayyabSaleem\\Desktop\\Karbexa\\backend\\utils\\token.js","statementMap":{"0":{"start":{"line":1,"column":12},"end":{"line":1,"column":35}},"1":{"start":{"line":3,"column":0},"end":{"line":9,"column":2}},"2":{"start":{"line":4,"column":2},"end":{"line":8,"column":4}},"3":{"start":{"line":11,"column":0},"end":{"line":15,"column":2}},"4":{"start":{"line":12,"column":2},"end":{"line":14,"column":5}}},"fnMap":{"0":{"name":"(anonymous_0)","decl":{"start":{"line":3,"column":30},"end":{"line":3,"column":31}},"loc":{"start":{"line":3,"column":40},"end":{"line":9,"column":1}},"line":3},"1":{"name":"(anonymous_1)","decl":{"start":{"line":11,"column":31},"end":{"line":11,"column":32}},"loc":{"start":{"line":11,"column":41},"end":{"line":15,"column":1}},"line":11}},"branchMap":{"0":{"loc":{"start":{"line":7,"column":17},"end":{"line":7,"column":52}},"type":"binary-expr","locations":[{"start":{"line":7,"column":17},"end":{"line":7,"column":43}},{"start":{"line":7,"column":47},"end":{"line":7,"column":52}}],"line":7},"1":{"loc":{"start":{"line":13,"column":15},"end":{"line":13,"column":57}},"type":"binary-expr","locations":[{"start":{"line":13,"column":15},"end":{"line":13,"column":49}},{"start":{"line":13,"column":53},"end":{"line":13,"column":57}}],"line":13}},"s":{"0":1,"1":1,"2":0,"3":1,"4":0},"f":{"0":0,"1":0},"b":{"0":[0,0],"1":[0,0]},"_coverageSchema":"1a1c01bbd47fc00a2c39e90264f33305004495a9","hash":"eeea02c9d70569cc5684e21683cf049a942a139d"}
}
