TN:
SF:constants\index.js
FNF:0
FNH:0
DA:1,1
LF:1
LH:1
BRF:0
BRH:0
end_of_record
TN:
SF:models\BlacklistedTokenSchema.js
FN:16,(anonymous_0)
FNF:1
FNH:0
FNDA:0,(anonymous_0)
DA:1,1
DA:3,1
DA:16,0
DA:20,1
LF:4
LH:3
BRF:0
BRH:0
end_of_record
TN:
SF:models\companySchema.js
FNF:0
FNH:0
DA:1,1
DA:3,1
DA:62,1
LF:3
LH:3
BRF:0
BRH:0
end_of_record
TN:
SF:models\department.js
FNF:0
FNH:0
DA:1,1
DA:3,1
DA:30,1
DA:36,1
LF:4
LH:4
BRF:0
BRH:0
end_of_record
TN:
SF:models\taskSchema.js
FN:88,(anonymous_0)
FNF:1
FNH:0
FNDA:0,(anonymous_0)
DA:2,1
DA:4,1
DA:88,1
DA:89,0
DA:90,0
DA:91,0
DA:93,0
DA:96,1
DA:97,1
LF:9
LH:5
BRDA:89,0,0,0
BRDA:89,0,1,0
BRDA:96,1,0,1
BRDA:96,1,1,1
BRF:4
BRH:2
end_of_record
TN:
SF:models\timeLogsSchema.js
FN:28,(anonymous_0)
FNF:1
FNH:0
FNDA:0,(anonymous_0)
DA:1,1
DA:3,1
DA:29,0
DA:58,1
DA:61,1
DA:62,1
LF:6
LH:5
BRDA:29,0,0,0
BRDA:29,0,1,0
BRDA:61,1,0,1
BRDA:61,1,1,1
BRF:4
BRH:2
end_of_record
TN:
SF:models\userSchema.js
FN:222,(anonymous_0)
FN:229,(anonymous_1)
FNF:2
FNH:1
FNDA:6,(anonymous_0)
FNDA:0,(anonymous_1)
DA:1,2
DA:2,2
DA:4,2
DA:222,2
DA:223,6
DA:224,3
DA:226,6
DA:229,2
DA:230,0
DA:231,0
DA:233,0
DA:236,0
DA:269,0
DA:272,2
DA:273,2
DA:274,2
DA:275,2
DA:277,2
DA:279,2
DA:280,2
LF:20
LH:15
BRDA:223,0,0,3
BRDA:223,0,1,3
BRDA:231,1,0,0
BRDA:231,1,1,0
BRDA:279,2,0,2
BRDA:279,2,1,2
BRF:6
BRH:4
end_of_record
TN:
SF:repositories\baseRepository.js
FN:2,(anonymous_0)
FN:6,(anonymous_1)
FN:13,(anonymous_2)
FN:20,(anonymous_3)
FN:30,(anonymous_4)
FN:34,(anonymous_5)
FN:38,(anonymous_6)
FN:42,(anonymous_7)
FNF:8
FNH:1
FNDA:2,(anonymous_0)
FNDA:0,(anonymous_1)
FNDA:0,(anonymous_2)
FNDA:0,(anonymous_3)
FNDA:0,(anonymous_4)
FNDA:0,(anonymous_5)
FNDA:0,(anonymous_6)
FNDA:0,(anonymous_7)
DA:3,2
DA:7,0
DA:8,0
DA:9,0
DA:10,0
DA:14,0
DA:15,0
DA:16,0
DA:17,0
DA:21,0
DA:22,0
DA:23,0
DA:24,0
DA:25,0
DA:26,0
DA:27,0
DA:31,0
DA:35,0
DA:39,0
DA:43,0
DA:47,2
LF:21
LH:2
BRDA:6,0,0,0
BRDA:8,1,0,0
BRDA:8,1,1,0
BRDA:9,2,0,0
BRDA:9,2,1,0
BRDA:13,3,0,0
BRDA:15,4,0,0
BRDA:15,4,1,0
BRDA:16,5,0,0
BRDA:16,5,1,0
BRDA:20,6,0,0
BRDA:20,7,0,0
BRDA:22,8,0,0
BRDA:22,8,1,0
BRDA:23,9,0,0
BRDA:23,9,1,0
BRDA:24,10,0,0
BRDA:24,10,1,0
BRDA:25,11,0,0
BRDA:25,11,1,0
BRDA:26,12,0,0
BRDA:26,12,1,0
BRDA:34,13,0,0
BRDA:42,14,0,0
BRF:24
BRH:0
end_of_record
TN:
SF:repositories\userRepository.js
FN:5,(anonymous_0)
FN:9,(anonymous_1)
FN:17,(anonymous_2)
FN:21,(anonymous_3)
FN:25,(anonymous_4)
FN:32,(anonymous_5)
FNF:6
FNH:4
FNDA:2,(anonymous_0)
FNDA:2,(anonymous_1)
FNDA:3,(anonymous_2)
FNDA:0,(anonymous_3)
FNDA:0,(anonymous_4)
FNDA:3,(anonymous_5)
DA:1,2
DA:2,2
DA:6,2
DA:10,2
DA:11,2
DA:12,0
DA:14,2
DA:18,3
DA:22,0
DA:26,0
DA:33,3
DA:37,2
LF:12
LH:9
BRDA:9,0,0,2
BRDA:11,1,0,0
BRDA:11,1,1,2
BRF:3
BRH:2
end_of_record
TN:
SF:services\authService.js
FN:14,(anonymous_0)
FN:18,(anonymous_1)
FN:22,(anonymous_2)
FN:64,(anonymous_3)
FN:88,(anonymous_4)
FN:108,(anonymous_5)
FN:129,(anonymous_6)
FN:151,(anonymous_7)
FN:158,(anonymous_8)
FN:172,(anonymous_9)
FN:194,(anonymous_10)
FN:216,(anonymous_11)
FNF:12
FNH:3
FNDA:2,(anonymous_0)
FNDA:1,(anonymous_1)
FNDA:0,(anonymous_2)
FNDA:3,(anonymous_3)
FNDA:0,(anonymous_4)
FNDA:0,(anonymous_5)
FNDA:0,(anonymous_6)
FNDA:0,(anonymous_7)
FNDA:0,(anonymous_8)
FNDA:0,(anonymous_9)
FNDA:0,(anonymous_10)
FNDA:0,(anonymous_11)
DA:1,1
DA:2,1
DA:3,1
DA:4,1
DA:5,1
DA:6,1
DA:7,1
DA:8,1
DA:9,1
DA:10,1
DA:11,1
DA:15,2
DA:19,1
DA:23,0
DA:25,0
DA:26,0
DA:27,0
DA:30,0
DA:38,0
DA:47,0
DA:48,0
DA:49,0
DA:50,0
DA:51,0
DA:52,0
DA:53,0
DA:55,0
DA:56,0
DA:58,0
DA:61,0
DA:65,3
DA:66,3
DA:68,2
DA:69,2
DA:71,1
DA:72,1
DA:73,1
DA:74,1
DA:75,1
DA:76,1
DA:77,1
DA:79,1
DA:80,1
DA:82,0
DA:85,1
DA:89,0
DA:90,0
DA:91,0
DA:93,0
DA:94,0
DA:96,0
DA:97,0
DA:98,0
DA:100,0
DA:101,0
DA:102,0
DA:103,0
DA:105,0
DA:109,0
DA:110,0
DA:112,0
DA:113,0
DA:114,0
DA:115,0
DA:116,0
DA:117,0
DA:118,0
DA:120,0
DA:121,0
DA:123,0
DA:126,0
DA:130,0
DA:131,0
DA:133,0
DA:134,0
DA:136,0
DA:137,0
DA:138,0
DA:140,0
DA:142,0
DA:143,0
DA:145,0
DA:148,0
DA:152,0
DA:153,0
DA:154,0
DA:155,0
DA:159,0
DA:160,0
DA:161,0
DA:163,0
DA:164,0
DA:165,0
DA:166,0
DA:168,0
DA:169,0
DA:173,0
DA:175,0
DA:176,0
DA:178,0
DA:183,0
DA:184,0
DA:190,0
DA:191,0
DA:195,0
DA:212,0
DA:213,0
DA:217,0
DA:218,0
DA:219,0
DA:221,0
DA:222,0
DA:226,1
LF:113
LH:28
BRDA:26,0,0,0
BRDA:26,0,1,0
BRDA:66,1,0,1
BRDA:66,1,1,2
BRDA:69,2,0,1
BRDA:69,2,1,1
BRDA:90,3,0,0
BRDA:90,3,1,0
BRDA:90,4,0,0
BRDA:90,4,1,0
BRDA:90,4,2,0
BRDA:94,5,0,0
BRDA:94,5,1,0
BRDA:110,6,0,0
BRDA:110,6,1,0
BRDA:131,7,0,0
BRDA:131,7,1,0
BRDA:154,8,0,0
BRDA:154,8,1,0
BRDA:161,9,0,0
BRDA:161,9,1,0
BRDA:173,10,0,0
BRDA:173,10,1,0
BRDA:176,11,0,0
BRDA:176,11,1,0
BRDA:183,12,0,0
BRDA:183,12,1,0
BRDA:212,13,0,0
BRDA:212,13,1,0
BRDA:219,14,0,0
BRDA:219,14,1,0
BRF:31
BRH:4
end_of_record
TN:
SF:services\userService.js
FN:12,(anonymous_0)
FN:47,(anonymous_1)
FN:55,(anonymous_2)
FN:83,(anonymous_3)
FN:119,(anonymous_4)
FN:163,(anonymous_5)
FN:180,(anonymous_6)
FN:195,(anonymous_7)
FN:244,(anonymous_8)
FN:253,(anonymous_9)
FN:261,(anonymous_10)
FN:276,(anonymous_11)
FN:290,(anonymous_12)
FN:326,(anonymous_13)
FN:340,(anonymous_14)
FN:358,(anonymous_15)
FN:376,(anonymous_16)
FN:380,(anonymous_17)
FN:384,(anonymous_18)
FN:387,(anonymous_19)
FN:393,(anonymous_20)
FN:397,(anonymous_21)
FN:403,(anonymous_22)
FN:409,(anonymous_23)
FN:440,(anonymous_24)
FN:446,(anonymous_25)
FN:456,(anonymous_26)
FN:462,(anonymous_27)
FN:471,(anonymous_28)
FN:473,(anonymous_29)
FN:474,(anonymous_30)
FN:474,(anonymous_31)
FN:479,(anonymous_32)
FN:488,(anonymous_33)
FN:494,(anonymous_34)
FN:501,(anonymous_35)
FNF:36
FNH:4
FNDA:3,(anonymous_0)
FNDA:3,(anonymous_1)
FNDA:1,(anonymous_2)
FNDA:0,(anonymous_3)
FNDA:3,(anonymous_4)
FNDA:0,(anonymous_5)
FNDA:0,(anonymous_6)
FNDA:0,(anonymous_7)
FNDA:0,(anonymous_8)
FNDA:0,(anonymous_9)
FNDA:0,(anonymous_10)
FNDA:0,(anonymous_11)
FNDA:0,(anonymous_12)
FNDA:0,(anonymous_13)
FNDA:0,(anonymous_14)
FNDA:0,(anonymous_15)
FNDA:0,(anonymous_16)
FNDA:0,(anonymous_17)
FNDA:0,(anonymous_18)
FNDA:0,(anonymous_19)
FNDA:0,(anonymous_20)
FNDA:0,(anonymous_21)
FNDA:0,(anonymous_22)
FNDA:0,(anonymous_23)
FNDA:0,(anonymous_24)
FNDA:0,(anonymous_25)
FNDA:0,(anonymous_26)
FNDA:0,(anonymous_27)
FNDA:0,(anonymous_28)
FNDA:0,(anonymous_29)
FNDA:0,(anonymous_30)
FNDA:0,(anonymous_31)
FNDA:0,(anonymous_32)
FNDA:0,(anonymous_33)
FNDA:0,(anonymous_34)
FNDA:0,(anonymous_35)
DA:1,1
DA:2,1
DA:3,1
DA:4,1
DA:5,1
DA:6,1
DA:7,1
DA:8,1
DA:9,1
DA:13,3
DA:14,3
DA:16,3
DA:18,1
DA:19,0
DA:22,1
DA:24,1
DA:25,0
DA:26,0
DA:27,0
DA:30,0
DA:31,0
DA:32,0
DA:33,0
DA:34,0
DA:37,0
DA:40,1
DA:41,1
DA:44,0
DA:48,3
DA:49,3
DA:50,1
DA:51,1
DA:52,1
DA:56,1
DA:57,1
DA:58,1
DA:80,1
DA:84,0
DA:85,0
DA:86,0
DA:89,0
DA:91,0
DA:92,0
DA:95,0
DA:96,0
DA:98,0
DA:99,0
DA:105,0
DA:116,0
DA:120,3
DA:122,3
DA:124,2
DA:126,2
DA:127,0
DA:130,2
DA:131,2
DA:133,1
DA:134,1
DA:140,1
DA:150,1
DA:151,1
DA:153,1
DA:154,1
DA:156,0
DA:159,1
DA:160,1
DA:163,1
DA:164,0
DA:172,1
DA:174,0
DA:177,1
DA:181,0
DA:183,0
DA:184,0
DA:185,0
DA:187,0
DA:188,0
DA:190,0
DA:192,0
DA:196,0
DA:197,0
DA:199,0
DA:200,0
DA:202,0
DA:203,0
DA:205,0
DA:206,0
DA:213,0
DA:214,0
DA:215,0
DA:216,0
DA:218,0
DA:222,0
DA:233,0
DA:245,0
DA:249,0
DA:250,0
DA:254,0
DA:255,0
DA:257,0
DA:258,0
DA:260,0
DA:261,0
DA:262,0
DA:263,0
DA:264,0
DA:266,0
DA:269,0
DA:277,0
DA:279,0
DA:280,0
DA:282,0
DA:284,0
DA:285,0
DA:290,0
DA:292,0
DA:298,0
DA:299,0
DA:300,0
DA:301,0
DA:302,0
DA:303,0
DA:304,0
DA:305,0
DA:316,0
DA:318,0
DA:326,0
DA:327,0
DA:328,0
DA:332,0
DA:334,0
DA:335,0
DA:336,0
DA:340,0
DA:341,0
DA:349,0
DA:351,0
DA:355,0
DA:359,0
DA:361,0
DA:362,0
DA:365,0
DA:366,0
DA:367,0
DA:368,0
DA:370,0
DA:371,0
DA:373,0
DA:377,0
DA:381,0
DA:385,0
DA:386,0
DA:387,0
DA:388,0
DA:389,0
DA:390,0
DA:394,0
DA:395,0
DA:396,0
DA:397,0
DA:398,0
DA:399,0
DA:400,0
DA:404,0
DA:405,0
DA:406,0
DA:410,0
DA:411,0
DA:412,0
DA:414,0
DA:416,0
DA:419,0
DA:421,0
DA:424,0
DA:425,0
DA:429,0
DA:432,0
DA:433,0
DA:434,0
DA:435,0
DA:436,0
DA:437,0
DA:441,0
DA:442,0
DA:443,0
DA:447,0
DA:448,0
DA:449,0
DA:450,0
DA:456,0
DA:457,0
DA:458,0
DA:463,0
DA:464,0
DA:466,0
DA:467,0
DA:468,0
DA:472,0
DA:473,0
DA:474,0
DA:476,0
DA:480,0
DA:481,0
DA:483,0
DA:484,0
DA:485,0
DA:489,0
DA:494,0
DA:496,0
DA:497,0
DA:498,0
DA:502,0
DA:503,0
DA:504,0
DA:506,0
DA:507,0
DA:508,0
DA:510,0
DA:516,0
DA:517,0
DA:518,0
DA:522,1
LF:222
LH:45
BRDA:12,0,0,0
BRDA:12,1,0,0
BRDA:13,2,0,0
BRDA:13,2,1,3
BRDA:14,3,0,3
BRDA:14,3,1,0
BRDA:16,4,0,2
BRDA:16,4,1,1
BRDA:18,5,0,0
BRDA:18,5,1,1
BRDA:18,6,0,1
BRDA:18,6,1,0
BRDA:22,7,0,1
BRDA:22,7,1,0
BRDA:24,8,0,0
BRDA:24,8,1,1
BRDA:24,9,0,1
BRDA:24,9,1,1
BRDA:26,10,0,0
BRDA:26,10,1,0
BRDA:26,11,0,0
BRDA:26,11,1,0
BRDA:30,12,0,0
BRDA:30,12,1,0
BRDA:32,13,0,0
BRDA:32,13,1,0
BRDA:33,14,0,0
BRDA:33,14,1,0
BRDA:40,15,0,1
BRDA:40,15,1,0
BRDA:49,16,0,2
BRDA:49,16,1,1
BRDA:49,17,0,3
BRDA:49,17,1,1
BRDA:49,17,2,1
BRDA:52,18,0,0
BRDA:52,18,1,1
BRDA:85,19,0,0
BRDA:85,19,1,0
BRDA:91,20,0,0
BRDA:91,20,1,0
BRDA:91,21,0,0
BRDA:91,21,1,0
BRDA:96,22,0,0
BRDA:96,22,1,0
BRDA:124,23,0,0
BRDA:124,23,1,2
BRDA:124,24,0,2
BRDA:124,24,1,2
BRDA:126,25,0,0
BRDA:126,25,1,2
BRDA:126,26,0,2
BRDA:126,26,1,0
BRDA:126,26,2,0
BRDA:131,27,0,1
BRDA:131,27,1,1
BRDA:143,28,0,1
BRDA:143,28,1,1
BRDA:147,29,0,1
BRDA:147,29,1,1
BRDA:151,30,0,0
BRDA:151,30,1,1
BRDA:184,31,0,0
BRDA:184,31,1,0
BRDA:185,32,0,0
BRDA:185,32,1,0
BRDA:185,33,0,0
BRDA:185,33,1,0
BRDA:196,34,0,0
BRDA:196,35,0,0
BRDA:196,36,0,0
BRDA:202,37,0,0
BRDA:202,37,1,0
BRDA:202,38,0,0
BRDA:202,38,1,0
BRDA:203,39,0,0
BRDA:203,39,1,0
BRDA:203,40,0,0
BRDA:203,40,1,0
BRDA:205,41,0,0
BRDA:205,41,1,0
BRDA:213,42,0,0
BRDA:213,42,1,0
BRDA:213,43,0,0
BRDA:213,43,1,0
BRDA:215,44,0,0
BRDA:215,44,1,0
BRDA:249,45,0,0
BRDA:249,45,1,0
BRDA:255,46,0,0
BRDA:255,46,1,0
BRDA:258,47,0,0
BRDA:258,47,1,0
BRDA:262,48,0,0
BRDA:262,48,1,0
BRDA:263,49,0,0
BRDA:263,49,1,0
BRDA:263,50,0,0
BRDA:263,50,1,0
BRDA:280,51,0,0
BRDA:280,51,1,0
BRDA:284,52,0,0
BRDA:284,52,1,0
BRDA:298,53,0,0
BRDA:298,53,1,0
BRDA:298,54,0,0
BRDA:298,54,1,0
BRDA:301,55,0,0
BRDA:301,55,1,0
BRDA:302,56,0,0
BRDA:302,56,1,0
BRDA:304,57,0,0
BRDA:304,57,1,0
BRDA:316,58,0,0
BRDA:316,58,1,0
BRDA:316,59,0,0
BRDA:316,59,1,0
BRDA:327,60,0,0
BRDA:327,60,1,0
BRDA:327,61,0,0
BRDA:327,61,1,0
BRDA:328,62,0,0
BRDA:328,62,1,0
BRDA:334,63,0,0
BRDA:334,63,1,0
BRDA:334,64,0,0
BRDA:334,64,1,0
BRDA:361,65,0,0
BRDA:361,65,1,0
BRDA:366,66,0,0
BRDA:366,66,1,0
BRDA:367,67,0,0
BRDA:367,67,1,0
BRDA:386,68,0,0
BRDA:386,68,1,0
BRDA:387,69,0,0
BRDA:387,69,1,0
BRDA:395,70,0,0
BRDA:395,70,1,0
BRDA:398,71,0,0
BRDA:398,71,1,0
BRDA:405,72,0,0
BRDA:405,72,1,0
BRDA:412,73,0,0
BRDA:412,73,1,0
BRDA:416,74,0,0
BRDA:416,74,1,0
BRDA:416,75,0,0
BRDA:416,75,1,0
BRDA:419,76,0,0
BRDA:419,76,1,0
BRDA:419,77,0,0
BRDA:419,77,1,0
BRDA:421,78,0,0
BRDA:421,78,1,0
BRDA:421,78,2,0
BRDA:421,78,3,0
BRDA:424,79,0,0
BRDA:424,79,1,0
BRDA:432,80,0,0
BRDA:432,80,1,0
BRDA:433,81,0,0
BRDA:433,81,1,0
BRDA:434,82,0,0
BRDA:434,82,1,0
BRDA:434,83,0,0
BRDA:434,83,1,0
BRDA:435,84,0,0
BRDA:435,84,1,0
BRDA:442,85,0,0
BRDA:442,85,1,0
BRDA:443,86,0,0
BRDA:443,86,1,0
BRDA:458,87,0,0
BRDA:458,87,1,0
BRDA:464,88,0,0
BRDA:464,88,1,0
BRDA:467,89,0,0
BRDA:467,89,1,0
BRDA:473,90,0,0
BRDA:474,91,0,0
BRDA:474,91,1,0
BRDA:474,92,0,0
BRDA:474,92,1,0
BRDA:481,93,0,0
BRDA:481,93,1,0
BRDA:484,94,0,0
BRDA:484,94,1,0
BRDA:497,95,0,0
BRDA:497,95,1,0
BRDA:504,96,0,0
BRDA:504,96,1,0
BRDA:506,97,0,0
BRDA:506,97,1,0
BRDA:508,98,0,0
BRDA:508,98,1,0
BRDA:517,99,0,0
BRDA:517,99,1,0
BRF:198
BRH:29
end_of_record
TN:
SF:utils\ExpressError.js
FN:2,(anonymous_0)
FN:10,(anonymous_1)
FN:16,(anonymous_2)
FN:21,(anonymous_3)
FN:27,(anonymous_4)
FNF:5
FNH:3
FNDA:4,(anonymous_0)
FNDA:0,(anonymous_1)
FNDA:3,(anonymous_2)
FNDA:0,(anonymous_3)
FNDA:1,(anonymous_4)
DA:3,4
DA:4,4
DA:5,4
DA:11,0
DA:17,3
DA:22,0
DA:28,1
DA:32,2
LF:8
LH:6
BRDA:10,0,0,0
BRDA:16,1,0,0
BRDA:21,2,0,0
BRDA:27,3,0,0
BRF:4
BRH:0
end_of_record
TN:
SF:utils\hierarchy.js
FN:8,(anonymous_0)
FNF:1
FNH:0
FNDA:0,(anonymous_0)
DA:1,1
DA:8,1
DA:9,0
DA:10,0
DA:11,0
DA:12,0
DA:13,0
DA:14,0
DA:17,0
DA:20,1
LF:10
LH:3
BRDA:11,0,0,0
BRDA:11,0,1,0
BRF:2
BRH:0
end_of_record
TN:
SF:utils\rbac.js
FN:10,(anonymous_0)
FNF:1
FNH:0
FNDA:0,(anonymous_0)
DA:1,1
DA:2,1
DA:10,1
DA:12,0
DA:14,0
DA:17,0
DA:20,0
DA:21,0
DA:25,0
DA:26,0
DA:27,0
DA:28,0
DA:31,0
DA:35,0
DA:37,0
DA:38,0
DA:42,0
DA:43,0
DA:47,0
DA:48,0
DA:49,0
DA:50,0
DA:51,0
DA:54,0
DA:58,0
DA:59,0
DA:60,0
DA:61,0
DA:63,0
DA:64,0
DA:72,0
DA:73,0
DA:74,0
DA:76,0
DA:77,0
DA:78,0
DA:82,0
DA:83,0
DA:92,0
DA:93,0
DA:96,0
LF:41
LH:3
BRDA:12,0,0,0
BRDA:12,0,1,0
BRDA:17,1,0,0
BRDA:17,1,1,0
BRDA:20,2,0,0
BRDA:20,2,1,0
BRDA:25,3,0,0
BRDA:25,3,1,0
BRDA:26,4,0,0
BRDA:26,4,1,0
BRDA:26,5,0,0
BRDA:26,5,1,0
BRDA:35,6,0,0
BRDA:35,6,1,0
BRDA:35,7,0,0
BRDA:35,7,1,0
BRDA:37,8,0,0
BRDA:37,8,1,0
BRDA:37,9,0,0
BRDA:37,9,1,0
BRDA:37,9,2,0
BRDA:42,10,0,0
BRDA:42,10,1,0
BRDA:42,11,0,0
BRDA:42,11,1,0
BRDA:47,12,0,0
BRDA:47,12,1,0
BRDA:47,13,0,0
BRDA:47,13,1,0
BRDA:58,14,0,0
BRDA:58,14,1,0
BRDA:63,15,0,0
BRDA:63,15,1,0
BRDA:63,16,0,0
BRDA:63,16,1,0
BRDA:72,17,0,0
BRDA:72,17,1,0
BRDA:73,18,0,0
BRDA:73,18,1,0
BRDA:76,19,0,0
BRDA:76,19,1,0
BRDA:77,20,0,0
BRDA:77,20,1,0
BRDA:82,21,0,0
BRDA:82,21,1,0
BRDA:82,22,0,0
BRDA:82,22,1,0
BRDA:82,22,2,0
BRDA:92,23,0,0
BRDA:92,23,1,0
BRDA:93,24,0,0
BRDA:93,24,1,0
BRF:52
BRH:0
end_of_record
TN:
SF:utils\token.js
FN:3,(anonymous_0)
FN:11,(anonymous_1)
FNF:2
FNH:0
FNDA:0,(anonymous_0)
FNDA:0,(anonymous_1)
DA:1,1
DA:3,1
DA:4,0
DA:11,1
DA:12,0
LF:5
LH:3
BRDA:7,0,0,0
BRDA:7,0,1,0
BRDA:13,1,0,0
BRDA:13,1,1,0
BRF:4
BRH:0
end_of_record
